[ 2016-04-15T00:05:34+08:00 ] 127.0.0.1 /RootApi/findProject
INFO: [ app_init ] --START--
INFO: Run Behavior\BuildLiteBehavior [ RunTime:0.000000s ]
INFO: [ app_init ] --END-- [ RunTime:0.000000s ]
INFO: [ app_begin ] --START--
INFO: Run Behavior\ReadHtmlCacheBehavior [ RunTime:0.001000s ]
INFO: [ app_begin ] --END-- [ RunTime:0.001000s ]
INFO: [ app_end ] --START--
INFO: Run Behavior\ShowPageTraceBehavior [ RunTime:0.002000s ]
INFO: [ app_end ] --END-- [ RunTime:0.002000s ]

[ 2016-04-15T00:07:54+08:00 ] 127.0.0.1 /RootApi/findProject/id/58
INFO: [ app_init ] --START--
INFO: Run Behavior\BuildLiteBehavior [ RunTime:0.000000s ]
INFO: [ app_init ] --END-- [ RunTime:0.001000s ]
INFO: [ app_begin ] --START--
INFO: Run Behavior\ReadHtmlCacheBehavior [ RunTime:0.001000s ]
INFO: [ app_begin ] --END-- [ RunTime:0.001000s ]
SQL: SHOW COLUMNS FROM `webrtc_project` [ RunTime:0.0050s ]
SQL: SELECT * FROM `webrtc_project` WHERE ( id="58" ) LIMIT 1   [ RunTime:0.0010s ]
INFO: [ app_end ] --START--
INFO: Run Behavior\ShowPageTraceBehavior [ RunTime:0.001000s ]
INFO: [ app_end ] --END-- [ RunTime:0.001000s ]

[ 2016-04-15T00:08:10+08:00 ] 127.0.0.1 /RootApi/findProject/id/58
INFO: [ app_init ] --START--
INFO: Run Behavior\BuildLiteBehavior [ RunTime:0.000000s ]
INFO: [ app_init ] --END-- [ RunTime:0.001000s ]
INFO: [ app_begin ] --START--
INFO: Run Behavior\ReadHtmlCacheBehavior [ RunTime:0.001000s ]
INFO: [ app_begin ] --END-- [ RunTime:0.001000s ]
SQL: SHOW COLUMNS FROM `webrtc_project` [ RunTime:0.0060s ]
SQL: SELECT * FROM `webrtc_project` WHERE ( id="58" ) LIMIT 1   [ RunTime:0.0000s ]
INFO: [ app_end ] --START--
INFO: Run Behavior\ShowPageTraceBehavior [ RunTime:0.001000s ]
INFO: [ app_end ] --END-- [ RunTime:0.001000s ]

[ 2016-04-15T00:08:15+08:00 ] 127.0.0.1 /RootApi/findProject/id/56
INFO: [ app_init ] --START--
INFO: Run Behavior\BuildLiteBehavior [ RunTime:0.000000s ]
INFO: [ app_init ] --END-- [ RunTime:0.000000s ]
INFO: [ app_begin ] --START--
INFO: Run Behavior\ReadHtmlCacheBehavior [ RunTime:0.001000s ]
INFO: [ app_begin ] --END-- [ RunTime:0.001000s ]
SQL: SHOW COLUMNS FROM `webrtc_project` [ RunTime:0.0070s ]
SQL: SELECT * FROM `webrtc_project` WHERE ( id="56" ) LIMIT 1   [ RunTime:0.0000s ]
INFO: [ app_end ] --START--
INFO: Run Behavior\ShowPageTraceBehavior [ RunTime:0.001000s ]
INFO: [ app_end ] --END-- [ RunTime:0.001000s ]

[ 2016-04-15T00:08:21+08:00 ] 127.0.0.1 /RootApi/findProject/id/51
INFO: [ app_init ] --START--
INFO: Run Behavior\BuildLiteBehavior [ RunTime:0.000000s ]
INFO: [ app_init ] --END-- [ RunTime:0.001000s ]
INFO: [ app_begin ] --START--
INFO: Run Behavior\ReadHtmlCacheBehavior [ RunTime:0.001000s ]
INFO: [ app_begin ] --END-- [ RunTime:0.001000s ]
SQL: SHOW COLUMNS FROM `webrtc_project` [ RunTime:0.0070s ]
SQL: SELECT * FROM `webrtc_project` WHERE ( id="51" ) LIMIT 1   [ RunTime:0.0010s ]
INFO: [ app_end ] --START--
INFO: Run Behavior\ShowPageTraceBehavior [ RunTime:0.001000s ]
INFO: [ app_end ] --END-- [ RunTime:0.001000s ]

[ 2016-04-15T00:08:29+08:00 ] 127.0.0.1 /RootApi/findProject/id/52
INFO: [ app_init ] --START--
INFO: Run Behavior\BuildLiteBehavior [ RunTime:0.000000s ]
INFO: [ app_init ] --END-- [ RunTime:0.000000s ]
INFO: [ app_begin ] --START--
INFO: Run Behavior\ReadHtmlCacheBehavior [ RunTime:0.001000s ]
INFO: [ app_begin ] --END-- [ RunTime:0.001000s ]
SQL: SHOW COLUMNS FROM `webrtc_project` [ RunTime:0.0110s ]
SQL: SELECT * FROM `webrtc_project` WHERE ( id="52" ) LIMIT 1   [ RunTime:0.0010s ]
INFO: [ app_end ] --START--
INFO: Run Behavior\ShowPageTraceBehavior [ RunTime:0.002000s ]
INFO: [ app_end ] --END-- [ RunTime:0.002000s ]

[ 2016-04-15T12:41:01+08:00 ] 127.0.0.1 /RootApi/findProject/id/52
INFO: [ app_init ] --START--
INFO: Run Behavior\BuildLiteBehavior [ RunTime:0.000000s ]
INFO: [ app_init ] --END-- [ RunTime:0.079004s ]
INFO: [ app_begin ] --START--
INFO: Run Behavior\ReadHtmlCacheBehavior [ RunTime:0.057003s ]
INFO: [ app_begin ] --END-- [ RunTime:0.057003s ]
SQL: SHOW COLUMNS FROM `webrtc_project` [ RunTime:0.1620s ]
SQL: SELECT * FROM `webrtc_project` WHERE ( id="52" ) LIMIT 1   [ RunTime:0.0420s ]
INFO: [ app_end ] --START--
INFO: Run Behavior\ShowPageTraceBehavior [ RunTime:0.045002s ]
INFO: [ app_end ] --END-- [ RunTime:0.045002s ]

[ 2016-04-15T12:49:09+08:00 ] 127.0.0.1 /
INFO: [ app_init ] --START--
INFO: Run Behavior\BuildLiteBehavior [ RunTime:0.000000s ]
INFO: [ app_init ] --END-- [ RunTime:0.001000s ]
INFO: [ app_begin ] --START--
INFO: Run Behavior\ReadHtmlCacheBehavior [ RunTime:0.001001s ]
INFO: [ app_begin ] --END-- [ RunTime:0.001001s ]
SQL: SHOW COLUMNS FROM `webrtc_project` [ RunTime:0.0050s ]
SQL: SELECT * FROM `webrtc_project` ORDER BY create_time DESC  [ RunTime:0.0010s ]
INFO: [ view_parse ] --START--
INFO: [ template_filter ] --START--
INFO: Run Behavior\ContentReplaceBehavior [ RunTime:0.000000s ]
INFO: [ template_filter ] --END-- [ RunTime:0.001000s ]
INFO: Run Behavior\ParseTemplateBehavior [ RunTime:0.215012s ]
INFO: [ view_parse ] --END-- [ RunTime:0.215012s ]
INFO: [ view_filter ] --START--
INFO: Run Behavior\WriteHtmlCacheBehavior [ RunTime:0.028001s ]
INFO: [ view_filter ] --END-- [ RunTime:0.028001s ]
INFO: [ app_end ] --START--
INFO: Run Behavior\ShowPageTraceBehavior [ RunTime:0.001001s ]
INFO: [ app_end ] --END-- [ RunTime:0.001001s ]

[ 2016-04-15T12:49:31+08:00 ] 127.0.0.1 /RootApi/addProject
INFO: [ app_init ] --START--
INFO: Run Behavior\BuildLiteBehavior [ RunTime:0.000000s ]
INFO: [ app_init ] --END-- [ RunTime:0.000000s ]
INFO: [ app_begin ] --START--
INFO: Run Behavior\ReadHtmlCacheBehavior [ RunTime:0.000000s ]
INFO: [ app_begin ] --END-- [ RunTime:0.000000s ]
SQL: SHOW COLUMNS FROM `webrtc_project` [ RunTime:0.0140s ]
SQL: INSERT INTO `webrtc_project` (`name`,`note`,`onlystring`,`create_time`) VALUES ('2','无备注','378ce463d79f1503c61f714d6958c908','2016-04-15 12:49:30') [ RunTime:0.1130s ]

[ 2016-04-15T12:49:38+08:00 ] 127.0.0.1 /
INFO: [ app_init ] --START--
INFO: Run Behavior\BuildLiteBehavior [ RunTime:0.001000s ]
INFO: [ app_init ] --END-- [ RunTime:0.001000s ]
INFO: [ app_begin ] --START--
INFO: Run Behavior\ReadHtmlCacheBehavior [ RunTime:0.001000s ]
INFO: [ app_begin ] --END-- [ RunTime:0.002000s ]
SQL: SHOW COLUMNS FROM `webrtc_project` [ RunTime:0.0070s ]
SQL: SELECT * FROM `webrtc_project` ORDER BY create_time DESC  [ RunTime:0.0010s ]
INFO: [ view_parse ] --START--
INFO: [ template_filter ] --START--
INFO: Run Behavior\ContentReplaceBehavior [ RunTime:0.000000s ]
INFO: [ template_filter ] --END-- [ RunTime:0.000000s ]
INFO: Run Behavior\ParseTemplateBehavior [ RunTime:0.013001s ]
INFO: [ view_parse ] --END-- [ RunTime:0.013001s ]
INFO: [ view_filter ] --START--
INFO: Run Behavior\WriteHtmlCacheBehavior [ RunTime:0.001000s ]
INFO: [ view_filter ] --END-- [ RunTime:0.001000s ]
INFO: [ app_end ] --START--
INFO: Run Behavior\ShowPageTraceBehavior [ RunTime:0.001000s ]
INFO: [ app_end ] --END-- [ RunTime:0.001000s ]

[ 2016-04-15T19:50:47+08:00 ] 127.0.0.1 /
INFO: [ app_init ] --START--
INFO: Run Behavior\BuildLiteBehavior [ RunTime:0.000000s ]
INFO: [ app_init ] --END-- [ RunTime:0.000000s ]
INFO: [ app_begin ] --START--
INFO: Run Behavior\ReadHtmlCacheBehavior [ RunTime:0.001000s ]
INFO: [ app_begin ] --END-- [ RunTime:0.001000s ]
SQL: SHOW COLUMNS FROM `webrtc_project` [ RunTime:0.0310s ]
SQL: SELECT * FROM `webrtc_project` ORDER BY create_time DESC  [ RunTime:0.0000s ]
INFO: [ view_parse ] --START--
INFO: [ template_filter ] --START--
INFO: Run Behavior\ContentReplaceBehavior [ RunTime:0.000000s ]
INFO: [ template_filter ] --END-- [ RunTime:0.001000s ]
INFO: Run Behavior\ParseTemplateBehavior [ RunTime:0.011000s ]
INFO: [ view_parse ] --END-- [ RunTime:0.011000s ]
INFO: [ view_filter ] --START--
INFO: Run Behavior\WriteHtmlCacheBehavior [ RunTime:0.001001s ]
INFO: [ view_filter ] --END-- [ RunTime:0.001001s ]
INFO: [ app_end ] --START--
INFO: Run Behavior\ShowPageTraceBehavior [ RunTime:0.001000s ]
INFO: [ app_end ] --END-- [ RunTime:0.001000s ]

[ 2016-04-15T19:51:33+08:00 ] 127.0.0.1 /Api/survivalIp
INFO: [ app_init ] --START--
INFO: Run Behavior\BuildLiteBehavior [ RunTime:0.000000s ]
INFO: [ app_init ] --END-- [ RunTime:0.000000s ]
INFO: [ app_begin ] --START--
INFO: Run Behavior\ReadHtmlCacheBehavior [ RunTime:0.000000s ]
INFO: [ app_begin ] --END-- [ RunTime:0.000000s ]

[ 2016-04-15T19:51:35+08:00 ] 127.0.0.1 /Api/stage/onlystring/378ce463d79f1503c61f714d6958c908/updata/1
INFO: [ app_init ] --START--
INFO: Run Behavior\BuildLiteBehavior [ RunTime:0.000000s ]
INFO: [ app_init ] --END-- [ RunTime:0.001000s ]
INFO: [ app_begin ] --START--
INFO: Run Behavior\ReadHtmlCacheBehavior [ RunTime:0.001000s ]
INFO: [ app_begin ] --END-- [ RunTime:0.001000s ]
SQL: SHOW COLUMNS FROM `webrtc_project` [ RunTime:0.0090s ]
SQL: UPDATE `webrtc_project` SET `stage`='1' WHERE ( onlystring="378ce463d79f1503c61f714d6958c908" ) [ RunTime:0.0010s ]
INFO: [ app_end ] --START--
INFO: Run Behavior\ShowPageTraceBehavior [ RunTime:0.002000s ]
INFO: [ app_end ] --END-- [ RunTime:0.002000s ]

[ 2016-04-15T19:57:57+08:00 ] 127.0.0.1 /
INFO: [ app_init ] --START--
INFO: Run Behavior\BuildLiteBehavior [ RunTime:0.000000s ]
INFO: [ app_init ] --END-- [ RunTime:0.001000s ]
INFO: [ app_begin ] --START--
INFO: Run Behavior\ReadHtmlCacheBehavior [ RunTime:0.001001s ]
INFO: [ app_begin ] --END-- [ RunTime:0.001001s ]
SQL: SHOW COLUMNS FROM `webrtc_project` [ RunTime:0.0040s ]
SQL: SELECT * FROM `webrtc_project` ORDER BY create_time DESC  [ RunTime:0.0000s ]
INFO: [ view_parse ] --START--
INFO: [ template_filter ] --START--
INFO: Run Behavior\ContentReplaceBehavior [ RunTime:0.000000s ]
INFO: [ template_filter ] --END-- [ RunTime:0.000000s ]
INFO: Run Behavior\ParseTemplateBehavior [ RunTime:0.015001s ]
INFO: [ view_parse ] --END-- [ RunTime:0.015001s ]
INFO: [ view_filter ] --START--
INFO: Run Behavior\WriteHtmlCacheBehavior [ RunTime:0.000000s ]
INFO: [ view_filter ] --END-- [ RunTime:0.000000s ]
INFO: [ app_end ] --START--
INFO: Run Behavior\ShowPageTraceBehavior [ RunTime:0.001000s ]
INFO: [ app_end ] --END-- [ RunTime:0.001000s ]

[ 2016-04-15T19:58:05+08:00 ] 127.0.0.1 /RootApi/addProject
INFO: [ app_init ] --START--
INFO: Run Behavior\BuildLiteBehavior [ RunTime:0.000000s ]
INFO: [ app_init ] --END-- [ RunTime:0.001000s ]
INFO: [ app_begin ] --START--
INFO: Run Behavior\ReadHtmlCacheBehavior [ RunTime:0.000000s ]
INFO: [ app_begin ] --END-- [ RunTime:0.001000s ]
SQL: SHOW COLUMNS FROM `webrtc_project` [ RunTime:0.0070s ]
SQL: INSERT INTO `webrtc_project` (`name`,`note`,`onlystring`,`create_time`) VALUES ('3','无备注','c614044aacfd15636b0e16a0eaebab04','2016-04-15 19:58:04') [ RunTime:0.0010s ]

[ 2016-04-15T19:58:09+08:00 ] 127.0.0.1 /
INFO: [ app_init ] --START--
INFO: Run Behavior\BuildLiteBehavior [ RunTime:0.000000s ]
INFO: [ app_init ] --END-- [ RunTime:0.000000s ]
INFO: [ app_begin ] --START--
INFO: Run Behavior\ReadHtmlCacheBehavior [ RunTime:0.002001s ]
INFO: [ app_begin ] --END-- [ RunTime:0.002001s ]
SQL: SHOW COLUMNS FROM `webrtc_project` [ RunTime:0.0100s ]
SQL: SELECT * FROM `webrtc_project` ORDER BY create_time DESC  [ RunTime:0.0020s ]
INFO: [ view_parse ] --START--
INFO: [ template_filter ] --START--
INFO: Run Behavior\ContentReplaceBehavior [ RunTime:0.000000s ]
INFO: [ template_filter ] --END-- [ RunTime:0.000000s ]
INFO: Run Behavior\ParseTemplateBehavior [ RunTime:0.024002s ]
INFO: [ view_parse ] --END-- [ RunTime:0.024002s ]
INFO: [ view_filter ] --START--
INFO: Run Behavior\WriteHtmlCacheBehavior [ RunTime:0.001000s ]
INFO: [ view_filter ] --END-- [ RunTime:0.001000s ]
INFO: [ app_end ] --START--
INFO: Run Behavior\ShowPageTraceBehavior [ RunTime:0.000000s ]
INFO: [ app_end ] --END-- [ RunTime:0.001000s ]

[ 2016-04-15T19:58:19+08:00 ] 127.0.0.1 /Api/survivalIp
INFO: [ app_init ] --START--
INFO: Run Behavior\BuildLiteBehavior [ RunTime:0.000000s ]
INFO: [ app_init ] --END-- [ RunTime:0.000000s ]
INFO: [ app_begin ] --START--
INFO: Run Behavior\ReadHtmlCacheBehavior [ RunTime:0.002000s ]
INFO: [ app_begin ] --END-- [ RunTime:0.002000s ]

[ 2016-04-15T19:58:20+08:00 ] 127.0.0.1 /Api/stage/onlystring/c614044aacfd15636b0e16a0eaebab04/updata/1
INFO: [ app_init ] --START--
INFO: Run Behavior\BuildLiteBehavior [ RunTime:0.000000s ]
INFO: [ app_init ] --END-- [ RunTime:0.001000s ]
INFO: [ app_begin ] --START--
INFO: Run Behavior\ReadHtmlCacheBehavior [ RunTime:0.001000s ]
INFO: [ app_begin ] --END-- [ RunTime:0.001000s ]
SQL: SHOW COLUMNS FROM `webrtc_project` [ RunTime:0.0100s ]
SQL: UPDATE `webrtc_project` SET `stage`='1' WHERE ( onlystring="c614044aacfd15636b0e16a0eaebab04" ) [ RunTime:0.0010s ]
INFO: [ app_end ] --START--
INFO: Run Behavior\ShowPageTraceBehavior [ RunTime:0.002001s ]
INFO: [ app_end ] --END-- [ RunTime:0.002001s ]

[ 2016-04-15T19:59:39+08:00 ] 127.0.0.1 /Api/survivalIp
INFO: [ app_init ] --START--
INFO: Run Behavior\BuildLiteBehavior [ RunTime:0.000000s ]
INFO: [ app_init ] --END-- [ RunTime:0.001000s ]
INFO: [ app_begin ] --START--
INFO: Run Behavior\ReadHtmlCacheBehavior [ RunTime:0.001000s ]
INFO: [ app_begin ] --END-- [ RunTime:0.001000s ]

[ 2016-04-15T19:59:41+08:00 ] 127.0.0.1 /Api/stage/onlystring/c614044aacfd15636b0e16a0eaebab04/updata/1
INFO: [ app_init ] --START--
INFO: Run Behavior\BuildLiteBehavior [ RunTime:0.000000s ]
INFO: [ app_init ] --END-- [ RunTime:0.001000s ]
INFO: [ app_begin ] --START--
INFO: Run Behavior\ReadHtmlCacheBehavior [ RunTime:0.001000s ]
INFO: [ app_begin ] --END-- [ RunTime:0.001000s ]
SQL: SHOW COLUMNS FROM `webrtc_project` [ RunTime:0.0090s ]
SQL: UPDATE `webrtc_project` SET `stage`='1' WHERE ( onlystring="c614044aacfd15636b0e16a0eaebab04" ) [ RunTime:0.0010s ]
INFO: [ app_end ] --START--
INFO: Run Behavior\ShowPageTraceBehavior [ RunTime:0.002000s ]
INFO: [ app_end ] --END-- [ RunTime:0.002000s ]

[ 2016-04-15T20:00:32+08:00 ] 127.0.0.1 /Api/stage/onlystring/c614044aacfd15636b0e16a0eaebab04/updata/1
INFO: [ app_init ] --START--
INFO: Run Behavior\BuildLiteBehavior [ RunTime:0.000000s ]
INFO: [ app_init ] --END-- [ RunTime:0.001000s ]
INFO: [ app_begin ] --START--
INFO: Run Behavior\ReadHtmlCacheBehavior [ RunTime:0.001000s ]
INFO: [ app_begin ] --END-- [ RunTime:0.001000s ]
SQL: SHOW COLUMNS FROM `webrtc_project` [ RunTime:0.1140s ]
SQL: UPDATE `webrtc_project` SET `stage`='1' WHERE ( onlystring="c614044aacfd15636b0e16a0eaebab04" ) [ RunTime:0.0010s ]
INFO: [ app_end ] --START--
INFO: Run Behavior\ShowPageTraceBehavior [ RunTime:0.001000s ]
INFO: [ app_end ] --END-- [ RunTime:0.001000s ]

[ 2016-04-15T20:02:50+08:00 ] 127.0.0.1 /Api/survivalIp
INFO: [ app_init ] --START--
INFO: Run Behavior\BuildLiteBehavior [ RunTime:0.000000s ]
INFO: [ app_init ] --END-- [ RunTime:0.001000s ]
INFO: [ app_begin ] --START--
INFO: Run Behavior\ReadHtmlCacheBehavior [ RunTime:0.001000s ]
INFO: [ app_begin ] --END-- [ RunTime:0.001000s ]
ERR: 1146:Table 'webrtcxss.webrtc_survivalip' doesn't exist
 [ SQL语句 ] : SHOW COLUMNS FROM `webrtc_survivalip`
ERR: 1146:Table 'webrtcxss.webrtc_survivalip' doesn't exist
 [ SQL语句 ] : SHOW COLUMNS FROM `webrtc_survivalip`

[ 2016-04-15T20:02:51+08:00 ] 127.0.0.1 /Api/stage/onlystring/c614044aacfd15636b0e16a0eaebab04/updata/1
INFO: [ app_init ] --START--
INFO: Run Behavior\BuildLiteBehavior [ RunTime:0.000000s ]
INFO: [ app_init ] --END-- [ RunTime:0.000000s ]
INFO: [ app_begin ] --START--
INFO: Run Behavior\ReadHtmlCacheBehavior [ RunTime:0.001000s ]
INFO: [ app_begin ] --END-- [ RunTime:0.001000s ]
SQL: SHOW COLUMNS FROM `webrtc_project` [ RunTime:0.0040s ]
SQL: UPDATE `webrtc_project` SET `stage`='1' WHERE ( onlystring="c614044aacfd15636b0e16a0eaebab04" ) [ RunTime:0.0000s ]
INFO: [ app_end ] --START--
INFO: Run Behavior\ShowPageTraceBehavior [ RunTime:0.000000s ]
INFO: [ app_end ] --END-- [ RunTime:0.001000s ]

[ 2016-04-15T20:04:53+08:00 ] 127.0.0.1 /survivalIp
INFO: [ app_init ] --START--
INFO: Run Behavior\BuildLiteBehavior [ RunTime:0.000000s ]
INFO: [ app_init ] --END-- [ RunTime:0.001000s ]
INFO: [ app_begin ] --START--
INFO: Run Behavior\ReadHtmlCacheBehavior [ RunTime:0.001000s ]
INFO: [ app_begin ] --END-- [ RunTime:0.001000s ]
ERR: 无法加载控制器:SurvivalIp

[ 2016-04-15T20:05:02+08:00 ] 127.0.0.1 /Api/survivalIp
INFO: [ app_init ] --START--
INFO: Run Behavior\BuildLiteBehavior [ RunTime:0.000000s ]
INFO: [ app_init ] --END-- [ RunTime:0.001000s ]
INFO: [ app_begin ] --START--
INFO: Run Behavior\ReadHtmlCacheBehavior [ RunTime:0.001000s ]
INFO: [ app_begin ] --END-- [ RunTime:0.002000s ]

[ 2016-04-15T20:06:49+08:00 ] 127.0.0.1 /Api/survivalIp/survivalip/192.168.1.104/onlystring/c614044aacfd15636b0e16a0eaebab04
INFO: [ app_init ] --START--
INFO: Run Behavior\BuildLiteBehavior [ RunTime:0.000000s ]
INFO: [ app_init ] --END-- [ RunTime:0.000000s ]
INFO: [ app_begin ] --START--
INFO: Run Behavior\ReadHtmlCacheBehavior [ RunTime:0.001000s ]
INFO: [ app_begin ] --END-- [ RunTime:0.001000s ]
ERR: 1146:Table 'webrtcxss.webrtc_survivalip' doesn't exist
 [ SQL语句 ] : SHOW COLUMNS FROM `webrtc_survivalip`
ERR: 1146:Table 'webrtcxss.webrtc_survivalip' doesn't exist
 [ SQL语句 ] : SHOW COLUMNS FROM `webrtc_survivalip`

[ 2016-04-15T20:11:39+08:00 ] 127.0.0.1 /Api/survivalPortIp
INFO: [ app_init ] --START--
INFO: Run Behavior\BuildLiteBehavior [ RunTime:0.000000s ]
INFO: [ app_init ] --END-- [ RunTime:0.000000s ]
INFO: [ app_begin ] --START--
INFO: Run Behavior\ReadHtmlCacheBehavior [ RunTime:0.001000s ]
INFO: [ app_begin ] --END-- [ RunTime:0.001000s ]
SQL: SHOW COLUMNS FROM `webrtc_ipdatalist` [ RunTime:0.0090s ]
SQL: INSERT INTO `webrtc_ipdatalist` (`survival_ip`,`onlystring`,`create_time`) VALUES ('192.168.1.100-192.168.1.103','c614044aacfd15636b0e16a0eaebab04','2016-04-15 20:11:39') [ RunTime:0.0010s ]
SQL: SHOW COLUMNS FROM `webrtc_cmspath` [ RunTime:0.0730s ]
SQL: SELECT `cms`,`path` FROM `webrtc_cmspath`  [ RunTime:0.0010s ]

[ 2016-04-15T20:11:40+08:00 ] 127.0.0.1 /Api/stage/onlystring/c614044aacfd15636b0e16a0eaebab04/updata/2
INFO: [ app_init ] --START--
INFO: Run Behavior\BuildLiteBehavior [ RunTime:0.000000s ]
INFO: [ app_init ] --END-- [ RunTime:0.000000s ]
INFO: [ app_begin ] --START--
INFO: Run Behavior\ReadHtmlCacheBehavior [ RunTime:0.001000s ]
INFO: [ app_begin ] --END-- [ RunTime:0.001000s ]
SQL: SHOW COLUMNS FROM `webrtc_project` [ RunTime:0.0090s ]
SQL: UPDATE `webrtc_project` SET `stage`='2' WHERE ( onlystring="c614044aacfd15636b0e16a0eaebab04" ) [ RunTime:0.0010s ]
INFO: [ app_end ] --START--
INFO: Run Behavior\ShowPageTraceBehavior [ RunTime:0.002000s ]
INFO: [ app_end ] --END-- [ RunTime:0.002000s ]

[ 2016-04-15T20:11:41+08:00 ] 127.0.0.1 /Api/survivalPortIp
INFO: [ app_init ] --START--
INFO: Run Behavior\BuildLiteBehavior [ RunTime:0.000000s ]
INFO: [ app_init ] --END-- [ RunTime:0.000000s ]
INFO: [ app_begin ] --START--
INFO: Run Behavior\ReadHtmlCacheBehavior [ RunTime:0.001000s ]
INFO: [ app_begin ] --END-- [ RunTime:0.001000s ]
SQL: SHOW COLUMNS FROM `webrtc_ipdatalist` [ RunTime:0.0090s ]
SQL: INSERT INTO `webrtc_ipdatalist` (`survival_ip`,`onlystring`,`create_time`) VALUES ('192.168.1.100-192.168.1.103','c614044aacfd15636b0e16a0eaebab04','2016-04-15 20:11:41') [ RunTime:0.0010s ]
SQL: SHOW COLUMNS FROM `webrtc_cmspath` [ RunTime:0.0090s ]
SQL: SELECT `cms`,`path` FROM `webrtc_cmspath`  [ RunTime:0.0010s ]

[ 2016-04-15T20:11:42+08:00 ] 127.0.0.1 /Api/survivalCmsIp
INFO: [ app_init ] --START--
INFO: Run Behavior\BuildLiteBehavior [ RunTime:0.000000s ]
INFO: [ app_init ] --END-- [ RunTime:0.001000s ]
INFO: [ app_begin ] --START--
INFO: Run Behavior\ReadHtmlCacheBehavior [ RunTime:0.001000s ]
INFO: [ app_begin ] --END-- [ RunTime:0.001000s ]
SQL: SHOW COLUMNS FROM `webrtc_existencecmsip` [ RunTime:0.0720s ]
SQL: INSERT INTO `webrtc_existencecmsip` (`inner_ip`,`cms`,`onlystring`,`create_time`) VALUES ('192.168.1.103','Discuz','c614044aacfd15636b0e16a0eaebab04','2016-04-15 20:11:42') [ RunTime:0.0560s ]
SQL: SHOW COLUMNS FROM `webrtc_cmsvul` [ RunTime:0.0070s ]
SQL: SELECT `vulinfo` FROM `webrtc_cmsvul` WHERE ( cms="Discuz" ) LIMIT 1   [ RunTime:0.0010s ]
INFO: [ app_end ] --START--
INFO: Run Behavior\ShowPageTraceBehavior [ RunTime:0.001000s ]
INFO: [ app_end ] --END-- [ RunTime:0.001000s ]

[ 2016-04-15T20:11:43+08:00 ] 127.0.0.1 /Api/stage/onlystring/c614044aacfd15636b0e16a0eaebab04/updata/3
INFO: [ app_init ] --START--
INFO: Run Behavior\BuildLiteBehavior [ RunTime:0.000000s ]
INFO: [ app_init ] --END-- [ RunTime:0.001000s ]
INFO: [ app_begin ] --START--
INFO: Run Behavior\ReadHtmlCacheBehavior [ RunTime:0.000000s ]
INFO: [ app_begin ] --END-- [ RunTime:0.000000s ]
SQL: SHOW COLUMNS FROM `webrtc_project` [ RunTime:0.0090s ]
SQL: UPDATE `webrtc_project` SET `stage`='3' WHERE ( onlystring="c614044aacfd15636b0e16a0eaebab04" ) [ RunTime:0.0010s ]
INFO: [ app_end ] --START--
INFO: Run Behavior\ShowPageTraceBehavior [ RunTime:0.002000s ]
INFO: [ app_end ] --END-- [ RunTime:0.002000s ]

[ 2016-04-15T20:11:45+08:00 ] 127.0.0.1 /Api/survivalCmsIp
INFO: [ app_init ] --START--
INFO: Run Behavior\BuildLiteBehavior [ RunTime:0.000000s ]
INFO: [ app_init ] --END-- [ RunTime:0.000000s ]
INFO: [ app_begin ] --START--
INFO: Run Behavior\ReadHtmlCacheBehavior [ RunTime:0.001000s ]
INFO: [ app_begin ] --END-- [ RunTime:0.001000s ]
SQL: SHOW COLUMNS FROM `webrtc_existencecmsip` [ RunTime:0.0090s ]
SQL: INSERT INTO `webrtc_existencecmsip` (`inner_ip`,`cms`,`onlystring`,`create_time`) VALUES ('192.168.1.103','Discuz','c614044aacfd15636b0e16a0eaebab04','2016-04-15 20:11:45') [ RunTime:0.0010s ]
SQL: SHOW COLUMNS FROM `webrtc_cmsvul` [ RunTime:0.0080s ]
SQL: SELECT `vulinfo` FROM `webrtc_cmsvul` WHERE ( cms="Discuz" ) LIMIT 1   [ RunTime:0.0010s ]
INFO: [ app_end ] --START--
INFO: Run Behavior\ShowPageTraceBehavior [ RunTime:0.002000s ]
INFO: [ app_end ] --END-- [ RunTime:0.002000s ]

[ 2016-04-15T20:11:46+08:00 ] 127.0.0.1 /Api/existenceVul
INFO: [ app_init ] --START--
INFO: Run Behavior\BuildLiteBehavior [ RunTime:0.000000s ]
INFO: [ app_init ] --END-- [ RunTime:0.001000s ]
INFO: [ app_begin ] --START--
INFO: Run Behavior\ReadHtmlCacheBehavior [ RunTime:0.001000s ]
INFO: [ app_begin ] --END-- [ RunTime:0.001000s ]
SQL: SHOW COLUMNS FROM `webrtc_existencevul` [ RunTime:0.0840s ]
SQL: INSERT INTO `webrtc_existencevul` (`cms`,`vulip`,`onlystring`,`create_time`) VALUES ('Discuz','192.168.1.103','c614044aacfd15636b0e16a0eaebab04','2016-04-15 20:11:46') [ RunTime:0.0010s ]
INFO: [ app_end ] --START--
INFO: Run Behavior\ShowPageTraceBehavior [ RunTime:0.001000s ]
INFO: [ app_end ] --END-- [ RunTime:0.001000s ]

[ 2016-04-15T20:11:47+08:00 ] 127.0.0.1 /Api/stage/onlystring/c614044aacfd15636b0e16a0eaebab04/updata/4
INFO: [ app_init ] --START--
INFO: Run Behavior\BuildLiteBehavior [ RunTime:0.000000s ]
INFO: [ app_init ] --END-- [ RunTime:0.001000s ]
INFO: [ app_begin ] --START--
INFO: Run Behavior\ReadHtmlCacheBehavior [ RunTime:0.001001s ]
INFO: [ app_begin ] --END-- [ RunTime:0.001001s ]
SQL: SHOW COLUMNS FROM `webrtc_project` [ RunTime:0.0080s ]
SQL: UPDATE `webrtc_project` SET `stage`='4' WHERE ( onlystring="c614044aacfd15636b0e16a0eaebab04" ) [ RunTime:0.0010s ]
INFO: [ app_end ] --START--
INFO: Run Behavior\ShowPageTraceBehavior [ RunTime:0.002000s ]
INFO: [ app_end ] --END-- [ RunTime:0.002000s ]

[ 2016-04-15T20:11:48+08:00 ] 127.0.0.1 /Api/existenceVul
INFO: [ app_init ] --START--
INFO: Run Behavior\BuildLiteBehavior [ RunTime:0.000000s ]
INFO: [ app_init ] --END-- [ RunTime:0.000000s ]
INFO: [ app_begin ] --START--
INFO: Run Behavior\ReadHtmlCacheBehavior [ RunTime:0.001000s ]
INFO: [ app_begin ] --END-- [ RunTime:0.001000s ]
SQL: SHOW COLUMNS FROM `webrtc_existencevul` [ RunTime:0.0100s ]
SQL: INSERT INTO `webrtc_existencevul` (`cms`,`vulip`,`onlystring`,`create_time`) VALUES ('Discuz','192.168.1.103','c614044aacfd15636b0e16a0eaebab04','2016-04-15 20:11:48') [ RunTime:0.0000s ]
INFO: [ app_end ] --START--
INFO: Run Behavior\ShowPageTraceBehavior [ RunTime:0.002000s ]
INFO: [ app_end ] --END-- [ RunTime:0.002000s ]

[ 2016-04-15T20:24:58+08:00 ] 127.0.0.1 /
INFO: [ app_init ] --START--
INFO: Run Behavior\BuildLiteBehavior [ RunTime:0.000000s ]
INFO: [ app_init ] --END-- [ RunTime:0.001000s ]
INFO: [ app_begin ] --START--
INFO: Run Behavior\ReadHtmlCacheBehavior [ RunTime:0.001000s ]
INFO: [ app_begin ] --END-- [ RunTime:0.001000s ]
SQL: SHOW COLUMNS FROM `webrtc_project` [ RunTime:0.0070s ]
SQL: SELECT * FROM `webrtc_project` ORDER BY create_time DESC  [ RunTime:0.0010s ]
INFO: [ view_parse ] --START--
INFO: [ template_filter ] --START--
INFO: Run Behavior\ContentReplaceBehavior [ RunTime:0.000000s ]
INFO: [ template_filter ] --END-- [ RunTime:0.001000s ]
INFO: Run Behavior\ParseTemplateBehavior [ RunTime:0.017001s ]
INFO: [ view_parse ] --END-- [ RunTime:0.017001s ]
INFO: [ view_filter ] --START--
INFO: Run Behavior\WriteHtmlCacheBehavior [ RunTime:0.001000s ]
INFO: [ view_filter ] --END-- [ RunTime:0.001000s ]
INFO: [ app_end ] --START--
INFO: Run Behavior\ShowPageTraceBehavior [ RunTime:0.001001s ]
INFO: [ app_end ] --END-- [ RunTime:0.001001s ]

[ 2016-04-15T20:28:15+08:00 ] 127.0.0.1 /
INFO: [ app_init ] --START--
INFO: Run Behavior\BuildLiteBehavior [ RunTime:0.000000s ]
INFO: [ app_init ] --END-- [ RunTime:0.001000s ]
INFO: [ app_begin ] --START--
INFO: Run Behavior\ReadHtmlCacheBehavior [ RunTime:0.001000s ]
INFO: [ app_begin ] --END-- [ RunTime:0.001000s ]
SQL: SHOW COLUMNS FROM `webrtc_project` [ RunTime:0.0050s ]
SQL: SELECT * FROM `webrtc_project` ORDER BY create_time DESC  [ RunTime:0.0010s ]
INFO: [ view_parse ] --START--
INFO: [ template_filter ] --START--
INFO: Run Behavior\ContentReplaceBehavior [ RunTime:0.000000s ]
INFO: [ template_filter ] --END-- [ RunTime:0.000000s ]
INFO: Run Behavior\ParseTemplateBehavior [ RunTime:0.012000s ]
INFO: [ view_parse ] --END-- [ RunTime:0.012000s ]
INFO: [ view_filter ] --START--
INFO: Run Behavior\WriteHtmlCacheBehavior [ RunTime:0.001000s ]
INFO: [ view_filter ] --END-- [ RunTime:0.001000s ]
INFO: [ app_end ] --START--
INFO: Run Behavior\ShowPageTraceBehavior [ RunTime:0.001001s ]
INFO: [ app_end ] --END-- [ RunTime:0.001001s ]

[ 2016-04-15T20:28:23+08:00 ] 127.0.0.1 /Api/survivalIp/survivalip/192.168.1.104/onlystring/c614044aacfd15636b0e16a0eaebab04
INFO: [ app_init ] --START--
INFO: Run Behavior\BuildLiteBehavior [ RunTime:0.000000s ]
INFO: [ app_init ] --END-- [ RunTime:0.000000s ]
INFO: [ app_begin ] --START--
INFO: Run Behavior\ReadHtmlCacheBehavior [ RunTime:0.001000s ]
INFO: [ app_begin ] --END-- [ RunTime:0.001000s ]
SQL: SHOW COLUMNS FROM `webrtc_survivaliplist` [ RunTime:0.0050s ]
SQL: INSERT INTO `webrtc_survivaliplist` (`outside_ip`,`survival_ip`,`onlystring`) VALUES ('127.0.0.1','192.168.1.104','c614044aacfd15636b0e16a0eaebab04') [ RunTime:0.0010s ]
INFO: [ app_end ] --START--
INFO: Run Behavior\ShowPageTraceBehavior [ RunTime:0.001000s ]
INFO: [ app_end ] --END-- [ RunTime:0.001000s ]

[ 2016-04-15T20:28:46+08:00 ] 127.0.0.1 /Api/survivalIp
INFO: [ app_init ] --START--
INFO: Run Behavior\BuildLiteBehavior [ RunTime:0.000000s ]
INFO: [ app_init ] --END-- [ RunTime:0.001001s ]
INFO: [ app_begin ] --START--
INFO: Run Behavior\ReadHtmlCacheBehavior [ RunTime:0.001000s ]
INFO: [ app_begin ] --END-- [ RunTime:0.001000s ]

[ 2016-04-15T20:28:47+08:00 ] 127.0.0.1 /Api/stage/onlystring/c614044aacfd15636b0e16a0eaebab04/updata/1
INFO: [ app_init ] --START--
INFO: Run Behavior\BuildLiteBehavior [ RunTime:0.000000s ]
INFO: [ app_init ] --END-- [ RunTime:0.000000s ]
INFO: [ app_begin ] --START--
INFO: Run Behavior\ReadHtmlCacheBehavior [ RunTime:0.001000s ]
INFO: [ app_begin ] --END-- [ RunTime:0.001000s ]
SQL: SHOW COLUMNS FROM `webrtc_project` [ RunTime:0.0090s ]
SQL: UPDATE `webrtc_project` SET `stage`='1' WHERE ( onlystring="c614044aacfd15636b0e16a0eaebab04" ) [ RunTime:0.0010s ]
INFO: [ app_end ] --START--
INFO: Run Behavior\ShowPageTraceBehavior [ RunTime:0.002000s ]
INFO: [ app_end ] --END-- [ RunTime:0.002000s ]

[ 2016-04-15T20:35:54+08:00 ] 127.0.0.1 /
INFO: [ app_init ] --START--
INFO: Run Behavior\BuildLiteBehavior [ RunTime:0.000000s ]
INFO: [ app_init ] --END-- [ RunTime:0.000000s ]
INFO: [ app_begin ] --START--
INFO: Run Behavior\ReadHtmlCacheBehavior [ RunTime:0.001000s ]
INFO: [ app_begin ] --END-- [ RunTime:0.001000s ]
SQL: SHOW COLUMNS FROM `webrtc_project` [ RunTime:0.0040s ]
SQL: SELECT * FROM `webrtc_project` ORDER BY create_time DESC  [ RunTime:0.0010s ]
INFO: [ view_parse ] --START--
INFO: [ template_filter ] --START--
INFO: Run Behavior\ContentReplaceBehavior [ RunTime:0.000000s ]
INFO: [ template_filter ] --END-- [ RunTime:0.000000s ]
INFO: Run Behavior\ParseTemplateBehavior [ RunTime:0.013001s ]
INFO: [ view_parse ] --END-- [ RunTime:0.013001s ]
INFO: [ view_filter ] --START--
INFO: Run Behavior\WriteHtmlCacheBehavior [ RunTime:0.001000s ]
INFO: [ view_filter ] --END-- [ RunTime:0.001000s ]
INFO: [ app_end ] --START--
INFO: Run Behavior\ShowPageTraceBehavior [ RunTime:0.001000s ]
INFO: [ app_end ] --END-- [ RunTime:0.001000s ]

[ 2016-04-15T20:35:58+08:00 ] 127.0.0.1 /RootApi/addProject
INFO: [ app_init ] --START--
INFO: Run Behavior\BuildLiteBehavior [ RunTime:0.000000s ]
INFO: [ app_init ] --END-- [ RunTime:0.000000s ]
INFO: [ app_begin ] --START--
INFO: Run Behavior\ReadHtmlCacheBehavior [ RunTime:0.001000s ]
INFO: [ app_begin ] --END-- [ RunTime:0.001000s ]
SQL: SHOW COLUMNS FROM `webrtc_project` [ RunTime:0.0050s ]
SQL: INSERT INTO `webrtc_project` (`name`,`note`,`onlystring`,`create_time`) VALUES ('4','无备注','45a6115efb584b73b80d27c8869d00d0','2016-04-15 20:35:57') [ RunTime:0.0000s ]

[ 2016-04-15T20:36:01+08:00 ] 127.0.0.1 /
INFO: [ app_init ] --START--
INFO: Run Behavior\BuildLiteBehavior [ RunTime:0.000000s ]
INFO: [ app_init ] --END-- [ RunTime:0.000000s ]
INFO: [ app_begin ] --START--
INFO: Run Behavior\ReadHtmlCacheBehavior [ RunTime:0.001000s ]
INFO: [ app_begin ] --END-- [ RunTime:0.001000s ]
SQL: SHOW COLUMNS FROM `webrtc_project` [ RunTime:0.0100s ]
SQL: SELECT * FROM `webrtc_project` ORDER BY create_time DESC  [ RunTime:0.0010s ]
INFO: [ view_parse ] --START--
INFO: [ template_filter ] --START--
INFO: Run Behavior\ContentReplaceBehavior [ RunTime:0.001000s ]
INFO: [ template_filter ] --END-- [ RunTime:0.001000s ]
INFO: Run Behavior\ParseTemplateBehavior [ RunTime:0.011000s ]
INFO: [ view_parse ] --END-- [ RunTime:0.011000s ]
INFO: [ view_filter ] --START--
INFO: Run Behavior\WriteHtmlCacheBehavior [ RunTime:0.000000s ]
INFO: [ view_filter ] --END-- [ RunTime:0.000000s ]
INFO: [ app_end ] --START--
INFO: Run Behavior\ShowPageTraceBehavior [ RunTime:0.001000s ]
INFO: [ app_end ] --END-- [ RunTime:0.001000s ]

[ 2016-04-15T20:36:27+08:00 ] 127.0.0.1 /Api/survivalIp
INFO: [ app_init ] --START--
INFO: Run Behavior\BuildLiteBehavior [ RunTime:0.000000s ]
INFO: [ app_init ] --END-- [ RunTime:0.001000s ]
INFO: [ app_begin ] --START--
INFO: Run Behavior\ReadHtmlCacheBehavior [ RunTime:0.000000s ]
INFO: [ app_begin ] --END-- [ RunTime:0.000000s ]
SQL: SHOW COLUMNS FROM `webrtc_survivaliplist` [ RunTime:0.0090s ]
SQL: INSERT INTO `webrtc_survivaliplist` (`outside_ip`,`survival_ip`,`onlystring`) VALUES ('127.0.0.1','192.168.1.104','45a6115efb584b73b80d27c8869d00d0') [ RunTime:0.0010s ]
INFO: [ app_end ] --START--
INFO: Run Behavior\ShowPageTraceBehavior [ RunTime:0.002000s ]
INFO: [ app_end ] --END-- [ RunTime:0.002000s ]

[ 2016-04-15T20:36:28+08:00 ] 127.0.0.1 /Api/stage/onlystring/45a6115efb584b73b80d27c8869d00d0/updata/1
INFO: [ app_init ] --START--
INFO: Run Behavior\BuildLiteBehavior [ RunTime:0.000000s ]
INFO: [ app_init ] --END-- [ RunTime:0.000000s ]
INFO: [ app_begin ] --START--
INFO: Run Behavior\ReadHtmlCacheBehavior [ RunTime:0.001000s ]
INFO: [ app_begin ] --END-- [ RunTime:0.001000s ]
SQL: SHOW COLUMNS FROM `webrtc_project` [ RunTime:0.0000s ]
SQL: UPDATE `webrtc_project` SET `stage`='1' WHERE ( onlystring="45a6115efb584b73b80d27c8869d00d0" ) [ RunTime:0.0000s ]
INFO: [ app_end ] --START--
INFO: Run Behavior\ShowPageTraceBehavior [ RunTime:0.015600s ]
INFO: [ app_end ] --END-- [ RunTime:0.015600s ]

[ 2016-04-15T20:39:07+08:00 ] 127.0.0.1 /
INFO: [ app_init ] --START--
INFO: Run Behavior\BuildLiteBehavior [ RunTime:0.000000s ]
INFO: [ app_init ] --END-- [ RunTime:0.001000s ]
INFO: [ app_begin ] --START--
INFO: Run Behavior\ReadHtmlCacheBehavior [ RunTime:0.001000s ]
INFO: [ app_begin ] --END-- [ RunTime:0.001000s ]
SQL: SHOW COLUMNS FROM `webrtc_project` [ RunTime:0.0070s ]
SQL: SELECT * FROM `webrtc_project` ORDER BY create_time DESC  [ RunTime:0.0000s ]
INFO: [ view_parse ] --START--
INFO: [ template_filter ] --START--
INFO: Run Behavior\ContentReplaceBehavior [ RunTime:0.001000s ]
INFO: [ template_filter ] --END-- [ RunTime:0.001000s ]
INFO: Run Behavior\ParseTemplateBehavior [ RunTime:0.012000s ]
INFO: [ view_parse ] --END-- [ RunTime:0.012000s ]
INFO: [ view_filter ] --START--
INFO: Run Behavior\WriteHtmlCacheBehavior [ RunTime:0.001000s ]
INFO: [ view_filter ] --END-- [ RunTime:0.001000s ]
INFO: [ app_end ] --START--
INFO: Run Behavior\ShowPageTraceBehavior [ RunTime:0.001000s ]
INFO: [ app_end ] --END-- [ RunTime:0.001000s ]

[ 2016-04-15T20:41:42+08:00 ] 127.0.0.1 /
INFO: [ app_init ] --START--
INFO: Run Behavior\BuildLiteBehavior [ RunTime:0.000000s ]
INFO: [ app_init ] --END-- [ RunTime:0.001000s ]
INFO: [ app_begin ] --START--
INFO: Run Behavior\ReadHtmlCacheBehavior [ RunTime:0.001000s ]
INFO: [ app_begin ] --END-- [ RunTime:0.001000s ]
SQL: SHOW COLUMNS FROM `webrtc_project` [ RunTime:0.0060s ]
SQL: SELECT * FROM `webrtc_project` ORDER BY create_time DESC  [ RunTime:0.0000s ]
INFO: [ view_parse ] --START--
INFO: [ template_filter ] --START--
INFO: Run Behavior\ContentReplaceBehavior [ RunTime:0.000000s ]
INFO: [ template_filter ] --END-- [ RunTime:0.000000s ]
INFO: Run Behavior\ParseTemplateBehavior [ RunTime:0.017001s ]
INFO: [ view_parse ] --END-- [ RunTime:0.018001s ]
INFO: [ view_filter ] --START--
INFO: Run Behavior\WriteHtmlCacheBehavior [ RunTime:0.000000s ]
INFO: [ view_filter ] --END-- [ RunTime:0.000000s ]
INFO: [ app_end ] --START--
INFO: Run Behavior\ShowPageTraceBehavior [ RunTime:0.001000s ]
INFO: [ app_end ] --END-- [ RunTime:0.001000s ]

[ 2016-04-15T20:42:12+08:00 ] 127.0.0.1 /Api/survivalIp
INFO: [ app_init ] --START--
INFO: Run Behavior\BuildLiteBehavior [ RunTime:0.000000s ]
INFO: [ app_init ] --END-- [ RunTime:0.001001s ]
INFO: [ app_begin ] --START--
INFO: Run Behavior\ReadHtmlCacheBehavior [ RunTime:0.001000s ]
INFO: [ app_begin ] --END-- [ RunTime:0.001000s ]
SQL: SHOW COLUMNS FROM `webrtc_survivaliplist` [ RunTime:0.0040s ]
SQL: INSERT INTO `webrtc_survivaliplist` (`outside_ip`,`survival_ip`,`onlystring`) VALUES ('127.0.0.1','192.168.1.104','45a6115efb584b73b80d27c8869d00d0') [ RunTime:0.0000s ]
INFO: [ app_end ] --START--
INFO: Run Behavior\ShowPageTraceBehavior [ RunTime:0.001000s ]
INFO: [ app_end ] --END-- [ RunTime:0.001000s ]

[ 2016-04-15T20:42:14+08:00 ] 127.0.0.1 /Api/stage/onlystring/45a6115efb584b73b80d27c8869d00d0/updata/1
INFO: [ app_init ] --START--
INFO: Run Behavior\BuildLiteBehavior [ RunTime:0.000000s ]
INFO: [ app_init ] --END-- [ RunTime:0.000000s ]
INFO: [ app_begin ] --START--
INFO: Run Behavior\ReadHtmlCacheBehavior [ RunTime:0.001000s ]
INFO: [ app_begin ] --END-- [ RunTime:0.001000s ]
SQL: SHOW COLUMNS FROM `webrtc_project` [ RunTime:0.0050s ]
SQL: UPDATE `webrtc_project` SET `stage`='1' WHERE ( onlystring="45a6115efb584b73b80d27c8869d00d0" ) [ RunTime:0.0000s ]
INFO: [ app_end ] --START--
INFO: Run Behavior\ShowPageTraceBehavior [ RunTime:0.000000s ]
INFO: [ app_end ] --END-- [ RunTime:0.000000s ]

[ 2016-04-15T20:51:05+08:00 ] 127.0.0.1 /Api/survivalPortIp
INFO: [ app_init ] --START--
INFO: Run Behavior\BuildLiteBehavior [ RunTime:0.000000s ]
INFO: [ app_init ] --END-- [ RunTime:0.000000s ]
INFO: [ app_begin ] --START--
INFO: Run Behavior\ReadHtmlCacheBehavior [ RunTime:0.001000s ]
INFO: [ app_begin ] --END-- [ RunTime:0.001000s ]
SQL: SHOW COLUMNS FROM `webrtc_ipdatalist` [ RunTime:0.0080s ]
SQL: INSERT INTO `webrtc_ipdatalist` (`survival_ip`,`onlystring`,`create_time`) VALUES ('192.168.1.100-192.168.1.103','45a6115efb584b73b80d27c8869d00d0','2016-04-15 20:51:05') [ RunTime:0.0000s ]
SQL: SHOW COLUMNS FROM `webrtc_cmspath` [ RunTime:0.0070s ]
SQL: SELECT `cms`,`path` FROM `webrtc_cmspath`  [ RunTime:0.0010s ]

[ 2016-04-15T20:51:06+08:00 ] 127.0.0.1 /Api/stage/onlystring/45a6115efb584b73b80d27c8869d00d0/updata/2
INFO: [ app_init ] --START--
INFO: Run Behavior\BuildLiteBehavior [ RunTime:0.000000s ]
INFO: [ app_init ] --END-- [ RunTime:0.001000s ]
INFO: [ app_begin ] --START--
INFO: Run Behavior\ReadHtmlCacheBehavior [ RunTime:0.000000s ]
INFO: [ app_begin ] --END-- [ RunTime:0.000000s ]
SQL: SHOW COLUMNS FROM `webrtc_project` [ RunTime:0.0090s ]
SQL: UPDATE `webrtc_project` SET `stage`='2' WHERE ( onlystring="45a6115efb584b73b80d27c8869d00d0" ) [ RunTime:0.0000s ]
INFO: [ app_end ] --START--
INFO: Run Behavior\ShowPageTraceBehavior [ RunTime:0.001000s ]
INFO: [ app_end ] --END-- [ RunTime:0.001000s ]

[ 2016-04-15T20:51:07+08:00 ] 127.0.0.1 /Api/survivalCmsIp
INFO: [ app_init ] --START--
INFO: Run Behavior\BuildLiteBehavior [ RunTime:0.000000s ]
INFO: [ app_init ] --END-- [ RunTime:0.001000s ]
INFO: [ app_begin ] --START--
INFO: Run Behavior\ReadHtmlCacheBehavior [ RunTime:0.000000s ]
INFO: [ app_begin ] --END-- [ RunTime:0.000000s ]
SQL: SHOW COLUMNS FROM `webrtc_existencecmsip` [ RunTime:0.0140s ]
SQL: INSERT INTO `webrtc_existencecmsip` (`inner_ip`,`cms`,`onlystring`,`create_time`) VALUES ('192.168.1.103','Discuz','45a6115efb584b73b80d27c8869d00d0','2016-04-15 20:51:07') [ RunTime:0.0010s ]
SQL: SHOW COLUMNS FROM `webrtc_cmsvul` [ RunTime:0.0080s ]
SQL: SELECT `vulinfo` FROM `webrtc_cmsvul` WHERE ( cms="Discuz" ) LIMIT 1   [ RunTime:0.0010s ]
INFO: [ app_end ] --START--
INFO: Run Behavior\ShowPageTraceBehavior [ RunTime:0.001000s ]
INFO: [ app_end ] --END-- [ RunTime:0.001000s ]

[ 2016-04-15T20:51:08+08:00 ] 127.0.0.1 /Api/stage/onlystring/45a6115efb584b73b80d27c8869d00d0/updata/3
INFO: [ app_init ] --START--
INFO: Run Behavior\BuildLiteBehavior [ RunTime:0.000000s ]
INFO: [ app_init ] --END-- [ RunTime:0.000000s ]
INFO: [ app_begin ] --START--
INFO: Run Behavior\ReadHtmlCacheBehavior [ RunTime:0.001000s ]
INFO: [ app_begin ] --END-- [ RunTime:0.001000s ]
SQL: SHOW COLUMNS FROM `webrtc_project` [ RunTime:0.0130s ]
SQL: UPDATE `webrtc_project` SET `stage`='3' WHERE ( onlystring="45a6115efb584b73b80d27c8869d00d0" ) [ RunTime:0.0020s ]
INFO: [ app_end ] --START--
INFO: Run Behavior\ShowPageTraceBehavior [ RunTime:0.002000s ]
INFO: [ app_end ] --END-- [ RunTime:0.002000s ]

[ 2016-04-15T20:51:11+08:00 ] 127.0.0.1 /Api/existenceVul
INFO: [ app_init ] --START--
INFO: Run Behavior\BuildLiteBehavior [ RunTime:0.000000s ]
INFO: [ app_init ] --END-- [ RunTime:0.001000s ]
INFO: [ app_begin ] --START--
INFO: Run Behavior\ReadHtmlCacheBehavior [ RunTime:0.001000s ]
INFO: [ app_begin ] --END-- [ RunTime:0.001000s ]
SQL: SHOW COLUMNS FROM `webrtc_existencevul` [ RunTime:0.0100s ]
SQL: INSERT INTO `webrtc_existencevul` (`cms`,`vulip`,`onlystring`,`create_time`) VALUES ('Discuz','192.168.1.103','45a6115efb584b73b80d27c8869d00d0','2016-04-15 20:51:11') [ RunTime:0.0010s ]
INFO: [ app_end ] --START--
INFO: Run Behavior\ShowPageTraceBehavior [ RunTime:0.001000s ]
INFO: [ app_end ] --END-- [ RunTime:0.002000s ]

[ 2016-04-15T20:51:12+08:00 ] 127.0.0.1 /Api/stage/onlystring/45a6115efb584b73b80d27c8869d00d0/updata/4
INFO: [ app_init ] --START--
INFO: Run Behavior\BuildLiteBehavior [ RunTime:0.000000s ]
INFO: [ app_init ] --END-- [ RunTime:0.000000s ]
INFO: [ app_begin ] --START--
INFO: Run Behavior\ReadHtmlCacheBehavior [ RunTime:0.001000s ]
INFO: [ app_begin ] --END-- [ RunTime:0.001000s ]
SQL: SHOW COLUMNS FROM `webrtc_project` [ RunTime:0.0050s ]
SQL: UPDATE `webrtc_project` SET `stage`='4' WHERE ( onlystring="45a6115efb584b73b80d27c8869d00d0" ) [ RunTime:0.0010s ]
INFO: [ app_end ] --START--
INFO: Run Behavior\ShowPageTraceBehavior [ RunTime:0.001000s ]
INFO: [ app_end ] --END-- [ RunTime:0.001000s ]

[ 2016-04-15T21:00:42+08:00 ] 127.0.0.1 /
INFO: [ app_init ] --START--
INFO: Run Behavior\BuildLiteBehavior [ RunTime:0.000000s ]
INFO: [ app_init ] --END-- [ RunTime:0.000000s ]
INFO: [ app_begin ] --START--
INFO: Run Behavior\ReadHtmlCacheBehavior [ RunTime:0.001000s ]
INFO: [ app_begin ] --END-- [ RunTime:0.001000s ]
SQL: SHOW COLUMNS FROM `webrtc_project` [ RunTime:0.0100s ]
SQL: SELECT * FROM `webrtc_project` ORDER BY create_time DESC  [ RunTime:0.0010s ]
INFO: [ view_parse ] --START--
INFO: [ template_filter ] --START--
INFO: Run Behavior\ContentReplaceBehavior [ RunTime:0.000000s ]
INFO: [ template_filter ] --END-- [ RunTime:0.000000s ]
INFO: Run Behavior\ParseTemplateBehavior [ RunTime:0.017001s ]
INFO: [ view_parse ] --END-- [ RunTime:0.017001s ]
INFO: [ view_filter ] --START--
INFO: Run Behavior\WriteHtmlCacheBehavior [ RunTime:0.001000s ]
INFO: [ view_filter ] --END-- [ RunTime:0.001000s ]
INFO: [ app_end ] --START--
INFO: Run Behavior\ShowPageTraceBehavior [ RunTime:0.001000s ]
INFO: [ app_end ] --END-- [ RunTime:0.001000s ]

[ 2016-04-15T21:00:44+08:00 ] 127.0.0.1 /RootApi/findProject/id/53
INFO: [ app_init ] --START--
INFO: Run Behavior\BuildLiteBehavior [ RunTime:0.000000s ]
INFO: [ app_init ] --END-- [ RunTime:0.001000s ]
INFO: [ app_begin ] --START--
INFO: Run Behavior\ReadHtmlCacheBehavior [ RunTime:0.001000s ]
INFO: [ app_begin ] --END-- [ RunTime:0.001000s ]
SQL: SHOW COLUMNS FROM `webrtc_project` [ RunTime:0.0070s ]
SQL: SELECT * FROM `webrtc_project` WHERE ( id="53" ) LIMIT 1   [ RunTime:0.0000s ]
ERR: 模板不存在:./Application/Home/View/RootApi/findProject.html

[ 2016-04-15T21:01:00+08:00 ] 127.0.0.1 /RootApi/findProject/id/52
INFO: [ app_init ] --START--
INFO: Run Behavior\BuildLiteBehavior [ RunTime:0.000000s ]
INFO: [ app_init ] --END-- [ RunTime:0.001000s ]
INFO: [ app_begin ] --START--
INFO: Run Behavior\ReadHtmlCacheBehavior [ RunTime:0.001000s ]
INFO: [ app_begin ] --END-- [ RunTime:0.001000s ]
SQL: SHOW COLUMNS FROM `webrtc_project` [ RunTime:0.0060s ]
SQL: SELECT * FROM `webrtc_project` WHERE ( id="52" ) LIMIT 1   [ RunTime:0.0000s ]
INFO: [ app_end ] --START--
INFO: Run Behavior\ShowPageTraceBehavior [ RunTime:0.001000s ]
INFO: [ app_end ] --END-- [ RunTime:0.001000s ]

[ 2016-04-15T21:01:04+08:00 ] 127.0.0.1 /RootApi/findProject/id/55
INFO: [ app_init ] --START--
INFO: Run Behavior\BuildLiteBehavior [ RunTime:0.000000s ]
INFO: [ app_init ] --END-- [ RunTime:0.000000s ]
INFO: [ app_begin ] --START--
INFO: Run Behavior\ReadHtmlCacheBehavior [ RunTime:0.001001s ]
INFO: [ app_begin ] --END-- [ RunTime:0.001001s ]
SQL: SHOW COLUMNS FROM `webrtc_project` [ RunTime:0.0050s ]
SQL: SELECT * FROM `webrtc_project` WHERE ( id="55" ) LIMIT 1   [ RunTime:0.0000s ]
SQL: SHOW COLUMNS FROM `webrtc_ipdatalist` [ RunTime:0.0060s ]
SQL: SELECT * FROM `webrtc_ipdatalist` WHERE ( onlystring='c614044aacfd15636b0e16a0eaebab04' ) LIMIT 1   [ RunTime:0.0010s ]

[ 2016-04-15T21:45:57+08:00 ] 127.0.0.1 /
INFO: [ app_init ] --START--
INFO: Run Behavior\BuildLiteBehavior [ RunTime:0.001000s ]
INFO: [ app_init ] --END-- [ RunTime:0.001000s ]
INFO: [ app_begin ] --START--
INFO: Run Behavior\ReadHtmlCacheBehavior [ RunTime:0.000000s ]
INFO: [ app_begin ] --END-- [ RunTime:0.000000s ]
SQL: SHOW COLUMNS FROM `webrtc_project` [ RunTime:0.0070s ]
SQL: SELECT * FROM `webrtc_project` ORDER BY create_time DESC  [ RunTime:0.0010s ]
INFO: [ view_parse ] --START--
INFO: [ template_filter ] --START--
INFO: Run Behavior\ContentReplaceBehavior [ RunTime:0.001000s ]
INFO: [ template_filter ] --END-- [ RunTime:0.001000s ]
INFO: Run Behavior\ParseTemplateBehavior [ RunTime:0.013001s ]
INFO: [ view_parse ] --END-- [ RunTime:0.014001s ]
INFO: [ view_filter ] --START--
INFO: Run Behavior\WriteHtmlCacheBehavior [ RunTime:0.001000s ]
INFO: [ view_filter ] --END-- [ RunTime:0.001000s ]
INFO: [ app_end ] --START--
INFO: Run Behavior\ShowPageTraceBehavior [ RunTime:0.001000s ]
INFO: [ app_end ] --END-- [ RunTime:0.001000s ]

[ 2016-04-15T21:46:02+08:00 ] 127.0.0.1 /RootApi/findProject/id/56
INFO: [ app_init ] --START--
INFO: Run Behavior\BuildLiteBehavior [ RunTime:0.000000s ]
INFO: [ app_init ] --END-- [ RunTime:0.001000s ]
INFO: [ app_begin ] --START--
INFO: Run Behavior\ReadHtmlCacheBehavior [ RunTime:0.001000s ]
INFO: [ app_begin ] --END-- [ RunTime:0.001000s ]
SQL: SHOW COLUMNS FROM `webrtc_project` [ RunTime:0.0050s ]
SQL: SELECT * FROM `webrtc_project` WHERE ( id="56" ) LIMIT 1   [ RunTime:0.0010s ]
SQL: SHOW COLUMNS FROM `webrtc_survivaliplist` [ RunTime:0.0040s ]
SQL: SELECT * FROM `webrtc_survivaliplist` WHERE ( onlystring='45a6115efb584b73b80d27c8869d00d0' ) LIMIT 1   [ RunTime:0.0000s ]
SQL: SHOW COLUMNS FROM `webrtc_ipdatalist` [ RunTime:0.0050s ]
SQL: SELECT * FROM `webrtc_ipdatalist` WHERE ( onlystring='45a6115efb584b73b80d27c8869d00d0' ) LIMIT 1   [ RunTime:0.0010s ]

[ 2016-04-15T21:46:41+08:00 ] 127.0.0.1 /RootApi/findProject/id/53
INFO: [ app_init ] --START--
INFO: Run Behavior\BuildLiteBehavior [ RunTime:0.000000s ]
INFO: [ app_init ] --END-- [ RunTime:0.001000s ]
INFO: [ app_begin ] --START--
INFO: Run Behavior\ReadHtmlCacheBehavior [ RunTime:0.001000s ]
INFO: [ app_begin ] --END-- [ RunTime:0.001000s ]
SQL: SHOW COLUMNS FROM `webrtc_project` [ RunTime:0.0050s ]
SQL: SELECT * FROM `webrtc_project` WHERE ( id="53" ) LIMIT 1   [ RunTime:0.0000s ]

[ 2016-04-15T21:46:42+08:00 ] 127.0.0.1 /RootApi/findProject/id/53
INFO: [ app_init ] --START--
INFO: Run Behavior\BuildLiteBehavior [ RunTime:0.000000s ]
INFO: [ app_init ] --END-- [ RunTime:0.000000s ]
INFO: [ app_begin ] --START--
INFO: Run Behavior\ReadHtmlCacheBehavior [ RunTime:0.001000s ]
INFO: [ app_begin ] --END-- [ RunTime:0.001000s ]
SQL: SHOW COLUMNS FROM `webrtc_project` [ RunTime:0.0060s ]
SQL: SELECT * FROM `webrtc_project` WHERE ( id="53" ) LIMIT 1   [ RunTime:0.0000s ]

[ 2016-04-15T21:46:47+08:00 ] 127.0.0.1 /RootApi/findProject/id/56
INFO: [ app_init ] --START--
INFO: Run Behavior\BuildLiteBehavior [ RunTime:0.000000s ]
INFO: [ app_init ] --END-- [ RunTime:0.001000s ]
INFO: [ app_begin ] --START--
INFO: Run Behavior\ReadHtmlCacheBehavior [ RunTime:0.001000s ]
INFO: [ app_begin ] --END-- [ RunTime:0.001000s ]
SQL: SHOW COLUMNS FROM `webrtc_project` [ RunTime:0.0090s ]
SQL: SELECT * FROM `webrtc_project` WHERE ( id="56" ) LIMIT 1   [ RunTime:0.0010s ]
SQL: SHOW COLUMNS FROM `webrtc_survivaliplist` [ RunTime:0.0080s ]
SQL: SELECT * FROM `webrtc_survivaliplist` WHERE ( onlystring='45a6115efb584b73b80d27c8869d00d0' ) LIMIT 1   [ RunTime:0.0010s ]
SQL: SHOW COLUMNS FROM `webrtc_ipdatalist` [ RunTime:0.0080s ]
SQL: SELECT * FROM `webrtc_ipdatalist` WHERE ( onlystring='45a6115efb584b73b80d27c8869d00d0' ) LIMIT 1   [ RunTime:0.0000s ]

[ 2016-04-15T21:46:48+08:00 ] 127.0.0.1 /RootApi/findProject/id/56
INFO: [ app_init ] --START--
INFO: Run Behavior\BuildLiteBehavior [ RunTime:0.001000s ]
INFO: [ app_init ] --END-- [ RunTime:0.001000s ]
INFO: [ app_begin ] --START--
INFO: Run Behavior\ReadHtmlCacheBehavior [ RunTime:0.001000s ]
INFO: [ app_begin ] --END-- [ RunTime:0.001000s ]
SQL: SHOW COLUMNS FROM `webrtc_project` [ RunTime:0.0050s ]
SQL: SELECT * FROM `webrtc_project` WHERE ( id="56" ) LIMIT 1   [ RunTime:0.0010s ]
SQL: SHOW COLUMNS FROM `webrtc_survivaliplist` [ RunTime:0.0040s ]
SQL: SELECT * FROM `webrtc_survivaliplist` WHERE ( onlystring='45a6115efb584b73b80d27c8869d00d0' ) LIMIT 1   [ RunTime:0.0000s ]
SQL: SHOW COLUMNS FROM `webrtc_ipdatalist` [ RunTime:0.0050s ]
SQL: SELECT * FROM `webrtc_ipdatalist` WHERE ( onlystring='45a6115efb584b73b80d27c8869d00d0' ) LIMIT 1   [ RunTime:0.0000s ]

[ 2016-04-15T21:47:07+08:00 ] 127.0.0.1 /RootApi/findProject/id/56
INFO: [ app_init ] --START--
INFO: Run Behavior\BuildLiteBehavior [ RunTime:0.000000s ]
INFO: [ app_init ] --END-- [ RunTime:0.001000s ]
INFO: [ app_begin ] --START--
INFO: Run Behavior\ReadHtmlCacheBehavior [ RunTime:0.001000s ]
INFO: [ app_begin ] --END-- [ RunTime:0.001000s ]
SQL: SHOW COLUMNS FROM `webrtc_project` [ RunTime:0.0070s ]
SQL: SELECT * FROM `webrtc_project` WHERE ( id="56" ) LIMIT 1   [ RunTime:0.0010s ]
SQL: SHOW COLUMNS FROM `webrtc_survivaliplist` [ RunTime:0.0070s ]
SQL: SELECT * FROM `webrtc_survivaliplist` WHERE ( onlystring='45a6115efb584b73b80d27c8869d00d0' ) LIMIT 1   [ RunTime:0.0000s ]
SQL: SHOW COLUMNS FROM `webrtc_ipdatalist` [ RunTime:0.0070s ]
SQL: SELECT * FROM `webrtc_ipdatalist` WHERE ( onlystring='45a6115efb584b73b80d27c8869d00d0' ) LIMIT 1   [ RunTime:0.0010s ]

[ 2016-04-15T21:47:08+08:00 ] 127.0.0.1 /RootApi/findProject/id/56
INFO: [ app_init ] --START--
INFO: Run Behavior\BuildLiteBehavior [ RunTime:0.000000s ]
INFO: [ app_init ] --END-- [ RunTime:0.000000s ]
INFO: [ app_begin ] --START--
INFO: Run Behavior\ReadHtmlCacheBehavior [ RunTime:0.001000s ]
INFO: [ app_begin ] --END-- [ RunTime:0.001000s ]
SQL: SHOW COLUMNS FROM `webrtc_project` [ RunTime:0.0050s ]
SQL: SELECT * FROM `webrtc_project` WHERE ( id="56" ) LIMIT 1   [ RunTime:0.0010s ]
SQL: SHOW COLUMNS FROM `webrtc_survivaliplist` [ RunTime:0.0050s ]
SQL: SELECT * FROM `webrtc_survivaliplist` WHERE ( onlystring='45a6115efb584b73b80d27c8869d00d0' ) LIMIT 1   [ RunTime:0.0000s ]
SQL: SHOW COLUMNS FROM `webrtc_ipdatalist` [ RunTime:0.0040s ]
SQL: SELECT * FROM `webrtc_ipdatalist` WHERE ( onlystring='45a6115efb584b73b80d27c8869d00d0' ) LIMIT 1   [ RunTime:0.0000s ]

[ 2016-04-15T21:47:10+08:00 ] 127.0.0.1 /
INFO: [ app_init ] --START--
INFO: Run Behavior\BuildLiteBehavior [ RunTime:0.000000s ]
INFO: [ app_init ] --END-- [ RunTime:0.001000s ]
INFO: [ app_begin ] --START--
INFO: Run Behavior\ReadHtmlCacheBehavior [ RunTime:0.001000s ]
INFO: [ app_begin ] --END-- [ RunTime:0.001000s ]
SQL: SHOW COLUMNS FROM `webrtc_project` [ RunTime:0.0060s ]
SQL: SELECT * FROM `webrtc_project` ORDER BY create_time DESC  [ RunTime:0.0000s ]
INFO: [ view_parse ] --START--
INFO: [ template_filter ] --START--
INFO: Run Behavior\ContentReplaceBehavior [ RunTime:0.000000s ]
INFO: [ template_filter ] --END-- [ RunTime:0.000000s ]
INFO: Run Behavior\ParseTemplateBehavior [ RunTime:0.016001s ]
INFO: [ view_parse ] --END-- [ RunTime:0.016001s ]
INFO: [ view_filter ] --START--
INFO: Run Behavior\WriteHtmlCacheBehavior [ RunTime:0.001000s ]
INFO: [ view_filter ] --END-- [ RunTime:0.001000s ]
INFO: [ app_end ] --START--
INFO: Run Behavior\ShowPageTraceBehavior [ RunTime:0.001000s ]
INFO: [ app_end ] --END-- [ RunTime:0.001000s ]

[ 2016-04-15T21:47:51+08:00 ] 127.0.0.1 /RootApi/findProject/id/56
INFO: [ app_init ] --START--
INFO: Run Behavior\BuildLiteBehavior [ RunTime:0.000000s ]
INFO: [ app_init ] --END-- [ RunTime:0.001000s ]
INFO: [ app_begin ] --START--
INFO: Run Behavior\ReadHtmlCacheBehavior [ RunTime:0.000000s ]
INFO: [ app_begin ] --END-- [ RunTime:0.001000s ]
SQL: SHOW COLUMNS FROM `webrtc_project` [ RunTime:0.0070s ]
SQL: SELECT * FROM `webrtc_project` WHERE ( id="56" ) LIMIT 1   [ RunTime:0.0010s ]
SQL: SHOW COLUMNS FROM `webrtc_survivaliplist` [ RunTime:0.0100s ]
SQL: SELECT * FROM `webrtc_survivaliplist` WHERE ( onlystring='45a6115efb584b73b80d27c8869d00d0' ) LIMIT 1   [ RunTime:0.0010s ]
SQL: SHOW COLUMNS FROM `webrtc_ipdatalist` [ RunTime:0.0070s ]
SQL: SELECT * FROM `webrtc_ipdatalist` WHERE ( onlystring='45a6115efb584b73b80d27c8869d00d0' ) LIMIT 1   [ RunTime:0.0010s ]

[ 2016-04-15T21:49:12+08:00 ] 127.0.0.1 /RootApi/findProject/id/56
INFO: [ app_init ] --START--
INFO: Run Behavior\BuildLiteBehavior [ RunTime:0.000000s ]
INFO: [ app_init ] --END-- [ RunTime:0.001000s ]
INFO: [ app_begin ] --START--
INFO: Run Behavior\ReadHtmlCacheBehavior [ RunTime:0.001000s ]
INFO: [ app_begin ] --END-- [ RunTime:0.001000s ]
SQL: SHOW COLUMNS FROM `webrtc_project` [ RunTime:0.0080s ]
SQL: SELECT * FROM `webrtc_project` WHERE ( id="56" ) LIMIT 1   [ RunTime:0.0010s ]
SQL: SHOW COLUMNS FROM `webrtc_survivaliplist` [ RunTime:0.0070s ]
SQL: SELECT * FROM `webrtc_survivaliplist` WHERE ( onlystring='45a6115efb584b73b80d27c8869d00d0' ) LIMIT 1   [ RunTime:0.0010s ]
SQL: SHOW COLUMNS FROM `webrtc_ipdatalist` [ RunTime:0.0080s ]
SQL: SELECT * FROM `webrtc_ipdatalist` WHERE ( onlystring='45a6115efb584b73b80d27c8869d00d0' ) LIMIT 1   [ RunTime:0.0010s ]

[ 2016-04-15T21:50:32+08:00 ] 127.0.0.1 /RootApi/findProject/id/56
INFO: [ app_init ] --START--
INFO: Run Behavior\BuildLiteBehavior [ RunTime:0.000000s ]
INFO: [ app_init ] --END-- [ RunTime:0.001001s ]
INFO: [ app_begin ] --START--
INFO: Run Behavior\ReadHtmlCacheBehavior [ RunTime:0.000000s ]
INFO: [ app_begin ] --END-- [ RunTime:0.001000s ]
SQL: SHOW COLUMNS FROM `webrtc_project` [ RunTime:0.0060s ]
SQL: SELECT * FROM `webrtc_project` WHERE ( id="56" ) LIMIT 1   [ RunTime:0.0010s ]
SQL: SHOW COLUMNS FROM `webrtc_survivaliplist` [ RunTime:0.0040s ]
SQL: SELECT * FROM `webrtc_survivaliplist` WHERE ( onlystring='45a6115efb584b73b80d27c8869d00d0' ) LIMIT 1   [ RunTime:0.0010s ]
SQL: SHOW COLUMNS FROM `webrtc_ipdatalist` [ RunTime:0.0040s ]
SQL: SELECT * FROM `webrtc_ipdatalist` WHERE ( onlystring='45a6115efb584b73b80d27c8869d00d0' ) LIMIT 1   [ RunTime:0.0010s ]
SQL: SHOW COLUMNS FROM `webrtc_existencecmsip` [ RunTime:0.0040s ]
SQL: SELECT * FROM `webrtc_existencecmsip` WHERE ( onlystring='45a6115efb584b73b80d27c8869d00d0' ) LIMIT 1   [ RunTime:0.0010s ]
SQL: SHOW COLUMNS FROM `webrtc_existencevul` [ RunTime:0.0050s ]
SQL: SELECT * FROM `webrtc_existencevul` WHERE ( onlystring='45a6115efb584b73b80d27c8869d00d0' ) LIMIT 1   [ RunTime:0.0000s ]

[ 2016-04-15T21:50:38+08:00 ] 127.0.0.1 /RootApi/findProject/id/56
INFO: [ app_init ] --START--
INFO: Run Behavior\BuildLiteBehavior [ RunTime:0.000000s ]
INFO: [ app_init ] --END-- [ RunTime:0.000000s ]
INFO: [ app_begin ] --START--
INFO: Run Behavior\ReadHtmlCacheBehavior [ RunTime:0.001000s ]
INFO: [ app_begin ] --END-- [ RunTime:0.001000s ]
SQL: SHOW COLUMNS FROM `webrtc_project` [ RunTime:0.0060s ]
SQL: SELECT * FROM `webrtc_project` WHERE ( id="56" ) LIMIT 1   [ RunTime:0.0010s ]
SQL: SHOW COLUMNS FROM `webrtc_survivaliplist` [ RunTime:0.0060s ]
SQL: SELECT * FROM `webrtc_survivaliplist` WHERE ( onlystring='45a6115efb584b73b80d27c8869d00d0' ) LIMIT 1   [ RunTime:0.0010s ]
SQL: SHOW COLUMNS FROM `webrtc_ipdatalist` [ RunTime:0.0050s ]
SQL: SELECT * FROM `webrtc_ipdatalist` WHERE ( onlystring='45a6115efb584b73b80d27c8869d00d0' ) LIMIT 1   [ RunTime:0.0000s ]
SQL: SHOW COLUMNS FROM `webrtc_existencecmsip` [ RunTime:0.0060s ]
SQL: SELECT * FROM `webrtc_existencecmsip` WHERE ( onlystring='45a6115efb584b73b80d27c8869d00d0' ) LIMIT 1   [ RunTime:0.0010s ]
SQL: SHOW COLUMNS FROM `webrtc_existencevul` [ RunTime:0.0050s ]
SQL: SELECT * FROM `webrtc_existencevul` WHERE ( onlystring='45a6115efb584b73b80d27c8869d00d0' ) LIMIT 1   [ RunTime:0.0000s ]

[ 2016-04-15T21:54:50+08:00 ] 127.0.0.1 /
INFO: [ app_init ] --START--
INFO: Run Behavior\BuildLiteBehavior [ RunTime:0.000000s ]
INFO: [ app_init ] --END-- [ RunTime:0.000000s ]
INFO: [ app_begin ] --START--
INFO: Run Behavior\ReadHtmlCacheBehavior [ RunTime:0.002000s ]
INFO: [ app_begin ] --END-- [ RunTime:0.002000s ]
SQL: SHOW COLUMNS FROM `webrtc_project` [ RunTime:0.0050s ]
SQL: SELECT * FROM `webrtc_project` ORDER BY create_time DESC  [ RunTime:0.0000s ]
INFO: [ view_parse ] --START--
INFO: [ template_filter ] --START--
INFO: Run Behavior\ContentReplaceBehavior [ RunTime:0.001000s ]
INFO: [ template_filter ] --END-- [ RunTime:0.001000s ]
INFO: Run Behavior\ParseTemplateBehavior [ RunTime:0.012001s ]
INFO: [ view_parse ] --END-- [ RunTime:0.012001s ]
INFO: [ view_filter ] --START--
INFO: Run Behavior\WriteHtmlCacheBehavior [ RunTime:0.000000s ]
INFO: [ view_filter ] --END-- [ RunTime:0.000000s ]
INFO: [ app_end ] --START--
INFO: Run Behavior\ShowPageTraceBehavior [ RunTime:0.000000s ]
INFO: [ app_end ] --END-- [ RunTime:0.001000s ]

[ 2016-04-15T21:54:54+08:00 ] 127.0.0.1 /RootApi/findProject/id/56
INFO: [ app_init ] --START--
INFO: Run Behavior\BuildLiteBehavior [ RunTime:0.000000s ]
INFO: [ app_init ] --END-- [ RunTime:0.000000s ]
INFO: [ app_begin ] --START--
INFO: Run Behavior\ReadHtmlCacheBehavior [ RunTime:0.000000s ]
INFO: [ app_begin ] --END-- [ RunTime:0.001000s ]
SQL: SHOW COLUMNS FROM `webrtc_project` [ RunTime:0.0030s ]
SQL: SELECT * FROM `webrtc_project` WHERE ( id="56" ) LIMIT 1   [ RunTime:0.0000s ]
SQL: SHOW COLUMNS FROM `webrtc_survivaliplist` [ RunTime:0.0040s ]
SQL: SELECT * FROM `webrtc_survivaliplist` WHERE ( onlystring='45a6115efb584b73b80d27c8869d00d0' ) LIMIT 1   [ RunTime:0.0000s ]
SQL: SHOW COLUMNS FROM `webrtc_ipdatalist` [ RunTime:0.0030s ]
SQL: SELECT * FROM `webrtc_ipdatalist` WHERE ( onlystring='45a6115efb584b73b80d27c8869d00d0' ) LIMIT 1   [ RunTime:0.0000s ]
SQL: SHOW COLUMNS FROM `webrtc_existencecmsip` [ RunTime:0.0030s ]
SQL: SELECT * FROM `webrtc_existencecmsip` WHERE ( onlystring='45a6115efb584b73b80d27c8869d00d0' ) LIMIT 1   [ RunTime:0.0000s ]
SQL: SHOW COLUMNS FROM `webrtc_existencevul` [ RunTime:0.0030s ]
SQL: SELECT * FROM `webrtc_existencevul` WHERE ( onlystring='45a6115efb584b73b80d27c8869d00d0' ) LIMIT 1   [ RunTime:0.0010s ]

[ 2016-04-15T21:55:43+08:00 ] 127.0.0.1 /
INFO: [ app_init ] --START--
INFO: Run Behavior\BuildLiteBehavior [ RunTime:0.000000s ]
INFO: [ app_init ] --END-- [ RunTime:0.001001s ]
INFO: [ app_begin ] --START--
INFO: Run Behavior\ReadHtmlCacheBehavior [ RunTime:0.001000s ]
INFO: [ app_begin ] --END-- [ RunTime:0.001000s ]
SQL: SHOW COLUMNS FROM `webrtc_project` [ RunTime:0.0040s ]
SQL: SELECT * FROM `webrtc_project` ORDER BY create_time DESC  [ RunTime:0.0010s ]
INFO: [ view_parse ] --START--
INFO: [ template_filter ] --START--
INFO: Run Behavior\ContentReplaceBehavior [ RunTime:0.000000s ]
INFO: [ template_filter ] --END-- [ RunTime:0.000000s ]
INFO: Run Behavior\ParseTemplateBehavior [ RunTime:0.010000s ]
INFO: [ view_parse ] --END-- [ RunTime:0.011000s ]
INFO: [ view_filter ] --START--
INFO: Run Behavior\WriteHtmlCacheBehavior [ RunTime:0.000000s ]
INFO: [ view_filter ] --END-- [ RunTime:0.000000s ]
INFO: [ app_end ] --START--
INFO: Run Behavior\ShowPageTraceBehavior [ RunTime:0.001001s ]
INFO: [ app_end ] --END-- [ RunTime:0.001001s ]

[ 2016-04-15T21:55:46+08:00 ] 127.0.0.1 /RootApi/findProject/id/56
INFO: [ app_init ] --START--
INFO: Run Behavior\BuildLiteBehavior [ RunTime:0.000000s ]
INFO: [ app_init ] --END-- [ RunTime:0.001000s ]
INFO: [ app_begin ] --START--
INFO: Run Behavior\ReadHtmlCacheBehavior [ RunTime:0.001000s ]
INFO: [ app_begin ] --END-- [ RunTime:0.001000s ]
SQL: SHOW COLUMNS FROM `webrtc_project` [ RunTime:0.0090s ]
SQL: SELECT * FROM `webrtc_project` WHERE ( id="56" ) LIMIT 1   [ RunTime:0.0010s ]
SQL: SHOW COLUMNS FROM `webrtc_survivaliplist` [ RunTime:0.0080s ]
SQL: SELECT * FROM `webrtc_survivaliplist` WHERE ( onlystring='45a6115efb584b73b80d27c8869d00d0' ) LIMIT 1   [ RunTime:0.0010s ]
SQL: SHOW COLUMNS FROM `webrtc_ipdatalist` [ RunTime:0.0050s ]
SQL: SELECT * FROM `webrtc_ipdatalist` WHERE ( onlystring='45a6115efb584b73b80d27c8869d00d0' ) LIMIT 1   [ RunTime:0.0010s ]
SQL: SHOW COLUMNS FROM `webrtc_existencecmsip` [ RunTime:0.0040s ]
SQL: SELECT * FROM `webrtc_existencecmsip` WHERE ( onlystring='45a6115efb584b73b80d27c8869d00d0' ) LIMIT 1   [ RunTime:0.0000s ]
SQL: SHOW COLUMNS FROM `webrtc_existencevul` [ RunTime:0.0040s ]
SQL: SELECT * FROM `webrtc_existencevul` WHERE ( onlystring='45a6115efb584b73b80d27c8869d00d0' ) LIMIT 1   [ RunTime:0.0010s ]

[ 2016-04-15T21:56:19+08:00 ] 127.0.0.1 /
INFO: [ app_init ] --START--
INFO: Run Behavior\BuildLiteBehavior [ RunTime:0.000000s ]
INFO: [ app_init ] --END-- [ RunTime:0.000000s ]
INFO: [ app_begin ] --START--
INFO: Run Behavior\ReadHtmlCacheBehavior [ RunTime:0.001001s ]
INFO: [ app_begin ] --END-- [ RunTime:0.001001s ]
SQL: SHOW COLUMNS FROM `webrtc_project` [ RunTime:0.0040s ]
SQL: SELECT * FROM `webrtc_project` ORDER BY create_time DESC  [ RunTime:0.0000s ]
INFO: [ view_parse ] --START--
INFO: [ template_filter ] --START--
INFO: Run Behavior\ContentReplaceBehavior [ RunTime:0.000000s ]
INFO: [ template_filter ] --END-- [ RunTime:0.000000s ]
INFO: Run Behavior\ParseTemplateBehavior [ RunTime:0.009000s ]
INFO: [ view_parse ] --END-- [ RunTime:0.009000s ]
INFO: [ view_filter ] --START--
INFO: Run Behavior\WriteHtmlCacheBehavior [ RunTime:0.000000s ]
INFO: [ view_filter ] --END-- [ RunTime:0.000000s ]
INFO: [ app_end ] --START--
INFO: Run Behavior\ShowPageTraceBehavior [ RunTime:0.000000s ]
INFO: [ app_end ] --END-- [ RunTime:0.000000s ]

[ 2016-04-15T21:56:22+08:00 ] 127.0.0.1 /RootApi/findProject/id/56
INFO: [ app_init ] --START--
INFO: Run Behavior\BuildLiteBehavior [ RunTime:0.000000s ]
INFO: [ app_init ] --END-- [ RunTime:0.001001s ]
INFO: [ app_begin ] --START--
INFO: Run Behavior\ReadHtmlCacheBehavior [ RunTime:0.000000s ]
INFO: [ app_begin ] --END-- [ RunTime:0.000000s ]
SQL: SHOW COLUMNS FROM `webrtc_project` [ RunTime:0.0040s ]
SQL: SELECT * FROM `webrtc_project` WHERE ( id="56" ) LIMIT 1   [ RunTime:0.0000s ]
SQL: SHOW COLUMNS FROM `webrtc_survivaliplist` [ RunTime:0.0030s ]
SQL: SELECT * FROM `webrtc_survivaliplist` WHERE ( onlystring='45a6115efb584b73b80d27c8869d00d0' ) LIMIT 1   [ RunTime:0.0010s ]
SQL: SHOW COLUMNS FROM `webrtc_ipdatalist` [ RunTime:0.0030s ]
SQL: SELECT * FROM `webrtc_ipdatalist` WHERE ( onlystring='45a6115efb584b73b80d27c8869d00d0' ) LIMIT 1   [ RunTime:0.0000s ]
SQL: SHOW COLUMNS FROM `webrtc_existencecmsip` [ RunTime:0.0040s ]
SQL: SELECT * FROM `webrtc_existencecmsip` WHERE ( onlystring='45a6115efb584b73b80d27c8869d00d0' ) LIMIT 1   [ RunTime:0.0010s ]
SQL: SHOW COLUMNS FROM `webrtc_existencevul` [ RunTime:0.0150s ]
SQL: SELECT * FROM `webrtc_existencevul` WHERE ( onlystring='45a6115efb584b73b80d27c8869d00d0' ) LIMIT 1   [ RunTime:0.0010s ]

[ 2016-04-15T21:57:04+08:00 ] 127.0.0.1 /
INFO: [ app_init ] --START--
INFO: Run Behavior\BuildLiteBehavior [ RunTime:0.000000s ]
INFO: [ app_init ] --END-- [ RunTime:0.000000s ]
INFO: [ app_begin ] --START--
INFO: Run Behavior\ReadHtmlCacheBehavior [ RunTime:0.001000s ]
INFO: [ app_begin ] --END-- [ RunTime:0.001000s ]
SQL: SHOW COLUMNS FROM `webrtc_project` [ RunTime:0.0060s ]
SQL: SELECT * FROM `webrtc_project` ORDER BY create_time DESC  [ RunTime:0.0000s ]
INFO: [ view_parse ] --START--
INFO: [ template_filter ] --START--
INFO: Run Behavior\ContentReplaceBehavior [ RunTime:0.000000s ]
INFO: [ template_filter ] --END-- [ RunTime:0.000000s ]
INFO: Run Behavior\ParseTemplateBehavior [ RunTime:0.014000s ]
INFO: [ view_parse ] --END-- [ RunTime:0.014000s ]
INFO: [ view_filter ] --START--
INFO: Run Behavior\WriteHtmlCacheBehavior [ RunTime:0.001000s ]
INFO: [ view_filter ] --END-- [ RunTime:0.001000s ]
INFO: [ app_end ] --START--
INFO: Run Behavior\ShowPageTraceBehavior [ RunTime:0.001000s ]
INFO: [ app_end ] --END-- [ RunTime:0.001000s ]

[ 2016-04-15T21:57:07+08:00 ] 127.0.0.1 /RootApi/findProject/id/56
INFO: [ app_init ] --START--
INFO: Run Behavior\BuildLiteBehavior [ RunTime:0.000000s ]
INFO: [ app_init ] --END-- [ RunTime:0.001000s ]
INFO: [ app_begin ] --START--
INFO: Run Behavior\ReadHtmlCacheBehavior [ RunTime:0.001000s ]
INFO: [ app_begin ] --END-- [ RunTime:0.001000s ]
SQL: SHOW COLUMNS FROM `webrtc_project` [ RunTime:0.0040s ]
SQL: SELECT * FROM `webrtc_project` WHERE ( id="56" ) LIMIT 1   [ RunTime:0.0010s ]
SQL: SHOW COLUMNS FROM `webrtc_survivaliplist` [ RunTime:0.0050s ]
SQL: SELECT * FROM `webrtc_survivaliplist` WHERE ( onlystring='45a6115efb584b73b80d27c8869d00d0' ) LIMIT 1   [ RunTime:0.0010s ]
SQL: SHOW COLUMNS FROM `webrtc_ipdatalist` [ RunTime:0.0050s ]
SQL: SELECT * FROM `webrtc_ipdatalist` WHERE ( onlystring='45a6115efb584b73b80d27c8869d00d0' ) LIMIT 1   [ RunTime:0.0010s ]
SQL: SHOW COLUMNS FROM `webrtc_existencecmsip` [ RunTime:0.0040s ]
SQL: SELECT * FROM `webrtc_existencecmsip` WHERE ( onlystring='45a6115efb584b73b80d27c8869d00d0' ) LIMIT 1   [ RunTime:0.0010s ]
SQL: SHOW COLUMNS FROM `webrtc_existencevul` [ RunTime:0.0030s ]
SQL: SELECT * FROM `webrtc_existencevul` WHERE ( onlystring='45a6115efb584b73b80d27c8869d00d0' ) LIMIT 1   [ RunTime:0.0000s ]

[ 2016-04-15T21:57:20+08:00 ] 127.0.0.1 /
INFO: [ app_init ] --START--
INFO: Run Behavior\BuildLiteBehavior [ RunTime:0.000000s ]
INFO: [ app_init ] --END-- [ RunTime:0.001000s ]
INFO: [ app_begin ] --START--
INFO: Run Behavior\ReadHtmlCacheBehavior [ RunTime:0.001000s ]
INFO: [ app_begin ] --END-- [ RunTime:0.001000s ]
SQL: SHOW COLUMNS FROM `webrtc_project` [ RunTime:0.0040s ]
SQL: SELECT * FROM `webrtc_project` ORDER BY create_time DESC  [ RunTime:0.0000s ]
INFO: [ view_parse ] --START--
INFO: [ template_filter ] --START--
INFO: Run Behavior\ContentReplaceBehavior [ RunTime:0.000000s ]
INFO: [ template_filter ] --END-- [ RunTime:0.001001s ]
INFO: Run Behavior\ParseTemplateBehavior [ RunTime:0.011001s ]
INFO: [ view_parse ] --END-- [ RunTime:0.011001s ]
INFO: [ view_filter ] --START--
INFO: Run Behavior\WriteHtmlCacheBehavior [ RunTime:0.000000s ]
INFO: [ view_filter ] --END-- [ RunTime:0.000000s ]
INFO: [ app_end ] --START--
INFO: Run Behavior\ShowPageTraceBehavior [ RunTime:0.001000s ]
INFO: [ app_end ] --END-- [ RunTime:0.001000s ]

[ 2016-04-15T21:57:22+08:00 ] 127.0.0.1 /RootApi/findProject/id/56
INFO: [ app_init ] --START--
INFO: Run Behavior\BuildLiteBehavior [ RunTime:0.000000s ]
INFO: [ app_init ] --END-- [ RunTime:0.001000s ]
INFO: [ app_begin ] --START--
INFO: Run Behavior\ReadHtmlCacheBehavior [ RunTime:0.001000s ]
INFO: [ app_begin ] --END-- [ RunTime:0.001000s ]
SQL: SHOW COLUMNS FROM `webrtc_project` [ RunTime:0.0050s ]
SQL: SELECT * FROM `webrtc_project` WHERE ( id="56" ) LIMIT 1   [ RunTime:0.0010s ]
SQL: SHOW COLUMNS FROM `webrtc_survivaliplist` [ RunTime:0.0050s ]
SQL: SELECT * FROM `webrtc_survivaliplist` WHERE ( onlystring='45a6115efb584b73b80d27c8869d00d0' ) LIMIT 1   [ RunTime:0.0000s ]
SQL: SHOW COLUMNS FROM `webrtc_ipdatalist` [ RunTime:0.0040s ]
SQL: SELECT * FROM `webrtc_ipdatalist` WHERE ( onlystring='45a6115efb584b73b80d27c8869d00d0' ) LIMIT 1   [ RunTime:0.0000s ]
SQL: SHOW COLUMNS FROM `webrtc_existencecmsip` [ RunTime:0.0040s ]
SQL: SELECT * FROM `webrtc_existencecmsip` WHERE ( onlystring='45a6115efb584b73b80d27c8869d00d0' ) LIMIT 1   [ RunTime:0.0000s ]
SQL: SHOW COLUMNS FROM `webrtc_existencevul` [ RunTime:0.0050s ]
SQL: SELECT * FROM `webrtc_existencevul` WHERE ( onlystring='45a6115efb584b73b80d27c8869d00d0' ) LIMIT 1   [ RunTime:0.0010s ]

[ 2016-04-15T21:58:24+08:00 ] 127.0.0.1 /
INFO: [ app_init ] --START--
INFO: Run Behavior\BuildLiteBehavior [ RunTime:0.000000s ]
INFO: [ app_init ] --END-- [ RunTime:0.001000s ]
INFO: [ app_begin ] --START--
INFO: Run Behavior\ReadHtmlCacheBehavior [ RunTime:0.000000s ]
INFO: [ app_begin ] --END-- [ RunTime:0.000000s ]
SQL: SHOW COLUMNS FROM `webrtc_project` [ RunTime:0.0060s ]
SQL: SELECT * FROM `webrtc_project` ORDER BY create_time DESC  [ RunTime:0.0010s ]
INFO: [ view_parse ] --START--
INFO: [ template_filter ] --START--
INFO: Run Behavior\ContentReplaceBehavior [ RunTime:0.000000s ]
INFO: [ template_filter ] --END-- [ RunTime:0.000000s ]
INFO: Run Behavior\ParseTemplateBehavior [ RunTime:0.014001s ]
INFO: [ view_parse ] --END-- [ RunTime:0.014001s ]
INFO: [ view_filter ] --START--
INFO: Run Behavior\WriteHtmlCacheBehavior [ RunTime:0.000000s ]
INFO: [ view_filter ] --END-- [ RunTime:0.000000s ]
INFO: [ app_end ] --START--
INFO: Run Behavior\ShowPageTraceBehavior [ RunTime:0.001000s ]
INFO: [ app_end ] --END-- [ RunTime:0.001000s ]

[ 2016-04-15T21:58:26+08:00 ] 127.0.0.1 /RootApi/findProject/id/56
INFO: [ app_init ] --START--
INFO: Run Behavior\BuildLiteBehavior [ RunTime:0.000000s ]
INFO: [ app_init ] --END-- [ RunTime:0.000000s ]
INFO: [ app_begin ] --START--
INFO: Run Behavior\ReadHtmlCacheBehavior [ RunTime:0.002001s ]
INFO: [ app_begin ] --END-- [ RunTime:0.002001s ]
SQL: SHOW COLUMNS FROM `webrtc_project` [ RunTime:0.0090s ]
SQL: SELECT * FROM `webrtc_project` WHERE ( id="56" ) LIMIT 1   [ RunTime:0.0010s ]
SQL: SHOW COLUMNS FROM `webrtc_survivaliplist` [ RunTime:0.0080s ]
SQL: SELECT * FROM `webrtc_survivaliplist` WHERE ( onlystring='45a6115efb584b73b80d27c8869d00d0' ) LIMIT 1   [ RunTime:0.0010s ]
SQL: SHOW COLUMNS FROM `webrtc_ipdatalist` [ RunTime:0.0070s ]
SQL: SELECT * FROM `webrtc_ipdatalist` WHERE ( onlystring='45a6115efb584b73b80d27c8869d00d0' ) LIMIT 1   [ RunTime:0.0010s ]
SQL: SHOW COLUMNS FROM `webrtc_existencecmsip` [ RunTime:0.0060s ]
SQL: SELECT * FROM `webrtc_existencecmsip` WHERE ( onlystring='45a6115efb584b73b80d27c8869d00d0' ) LIMIT 1   [ RunTime:0.0010s ]
SQL: SHOW COLUMNS FROM `webrtc_existencevul` [ RunTime:0.0050s ]
SQL: SELECT * FROM `webrtc_existencevul` WHERE ( onlystring='45a6115efb584b73b80d27c8869d00d0' ) LIMIT 1   [ RunTime:0.0010s ]

[ 2016-04-15T21:58:26+08:00 ] 127.0.0.1 /Public/fonts/glyphicons-halflings-regular.woff2
INFO: [ app_init ] --START--
INFO: Run Behavior\BuildLiteBehavior [ RunTime:0.000000s ]
INFO: [ app_init ] --END-- [ RunTime:0.000000s ]
INFO: [ app_begin ] --START--
INFO: Run Behavior\ReadHtmlCacheBehavior [ RunTime:0.001000s ]
INFO: [ app_begin ] --END-- [ RunTime:0.001000s ]
ERR: 无法加载控制器:Public

[ 2016-04-15T21:58:26+08:00 ] 127.0.0.1 /Public/fonts/glyphicons-halflings-regular.woff
INFO: [ app_init ] --START--
INFO: Run Behavior\BuildLiteBehavior [ RunTime:0.000000s ]
INFO: [ app_init ] --END-- [ RunTime:0.001000s ]
INFO: [ app_begin ] --START--
INFO: Run Behavior\ReadHtmlCacheBehavior [ RunTime:0.000000s ]
INFO: [ app_begin ] --END-- [ RunTime:0.000000s ]
ERR: 无法加载控制器:Public

[ 2016-04-15T21:58:26+08:00 ] 127.0.0.1 /Public/fonts/glyphicons-halflings-regular.ttf
INFO: [ app_init ] --START--
INFO: Run Behavior\BuildLiteBehavior [ RunTime:0.001000s ]
INFO: [ app_init ] --END-- [ RunTime:0.001000s ]
INFO: [ app_begin ] --START--
INFO: Run Behavior\ReadHtmlCacheBehavior [ RunTime:0.001000s ]
INFO: [ app_begin ] --END-- [ RunTime:0.001000s ]
ERR: 无法加载控制器:Public

[ 2016-04-15T21:59:27+08:00 ] 127.0.0.1 /
INFO: [ app_init ] --START--
INFO: Run Behavior\BuildLiteBehavior [ RunTime:0.001000s ]
INFO: [ app_init ] --END-- [ RunTime:0.001000s ]
INFO: [ app_begin ] --START--
INFO: Run Behavior\ReadHtmlCacheBehavior [ RunTime:0.001000s ]
INFO: [ app_begin ] --END-- [ RunTime:0.001000s ]
SQL: SHOW COLUMNS FROM `webrtc_project` [ RunTime:0.0560s ]
SQL: SELECT * FROM `webrtc_project` ORDER BY create_time DESC  [ RunTime:0.0010s ]
INFO: [ view_parse ] --START--
INFO: [ template_filter ] --START--
INFO: Run Behavior\ContentReplaceBehavior [ RunTime:0.000000s ]
INFO: [ template_filter ] --END-- [ RunTime:0.000000s ]
INFO: Run Behavior\ParseTemplateBehavior [ RunTime:0.015001s ]
INFO: [ view_parse ] --END-- [ RunTime:0.015001s ]
INFO: [ view_filter ] --START--
INFO: Run Behavior\WriteHtmlCacheBehavior [ RunTime:0.001000s ]
INFO: [ view_filter ] --END-- [ RunTime:0.001000s ]
INFO: [ app_end ] --START--
INFO: Run Behavior\ShowPageTraceBehavior [ RunTime:0.001000s ]
INFO: [ app_end ] --END-- [ RunTime:0.001000s ]

[ 2016-04-15T21:59:29+08:00 ] 127.0.0.1 /RootApi/findProject/id/56
INFO: [ app_init ] --START--
INFO: Run Behavior\BuildLiteBehavior [ RunTime:0.000000s ]
INFO: [ app_init ] --END-- [ RunTime:0.001000s ]
INFO: [ app_begin ] --START--
INFO: Run Behavior\ReadHtmlCacheBehavior [ RunTime:0.001000s ]
INFO: [ app_begin ] --END-- [ RunTime:0.001000s ]
SQL: SHOW COLUMNS FROM `webrtc_project` [ RunTime:0.0040s ]
SQL: SELECT * FROM `webrtc_project` WHERE ( id="56" ) LIMIT 1   [ RunTime:0.0000s ]
SQL: SHOW COLUMNS FROM `webrtc_survivaliplist` [ RunTime:0.0040s ]
SQL: SELECT * FROM `webrtc_survivaliplist` WHERE ( onlystring='45a6115efb584b73b80d27c8869d00d0' ) LIMIT 1   [ RunTime:0.0000s ]
SQL: SHOW COLUMNS FROM `webrtc_ipdatalist` [ RunTime:0.0040s ]
SQL: SELECT * FROM `webrtc_ipdatalist` WHERE ( onlystring='45a6115efb584b73b80d27c8869d00d0' ) LIMIT 1   [ RunTime:0.0010s ]
SQL: SHOW COLUMNS FROM `webrtc_existencecmsip` [ RunTime:0.0040s ]
SQL: SELECT * FROM `webrtc_existencecmsip` WHERE ( onlystring='45a6115efb584b73b80d27c8869d00d0' ) LIMIT 1   [ RunTime:0.0010s ]
SQL: SHOW COLUMNS FROM `webrtc_existencevul` [ RunTime:0.0030s ]
SQL: SELECT * FROM `webrtc_existencevul` WHERE ( onlystring='45a6115efb584b73b80d27c8869d00d0' ) LIMIT 1   [ RunTime:0.0000s ]

[ 2016-04-15T21:59:46+08:00 ] 127.0.0.1 /RootApi/findProject/id/56
INFO: [ app_init ] --START--
INFO: Run Behavior\BuildLiteBehavior [ RunTime:0.000000s ]
INFO: [ app_init ] --END-- [ RunTime:0.000000s ]
INFO: [ app_begin ] --START--
INFO: Run Behavior\ReadHtmlCacheBehavior [ RunTime:0.000000s ]
INFO: [ app_begin ] --END-- [ RunTime:0.000000s ]
SQL: SHOW COLUMNS FROM `webrtc_project` [ RunTime:0.0090s ]
SQL: SELECT * FROM `webrtc_project` WHERE ( id="56" ) LIMIT 1   [ RunTime:0.0010s ]
SQL: SHOW COLUMNS FROM `webrtc_survivaliplist` [ RunTime:0.0090s ]
SQL: SELECT * FROM `webrtc_survivaliplist` WHERE ( onlystring='45a6115efb584b73b80d27c8869d00d0' ) LIMIT 1   [ RunTime:0.0010s ]
SQL: SHOW COLUMNS FROM `webrtc_ipdatalist` [ RunTime:0.0060s ]
SQL: SELECT * FROM `webrtc_ipdatalist` WHERE ( onlystring='45a6115efb584b73b80d27c8869d00d0' ) LIMIT 1   [ RunTime:0.0000s ]
SQL: SHOW COLUMNS FROM `webrtc_existencecmsip` [ RunTime:0.0050s ]
SQL: SELECT * FROM `webrtc_existencecmsip` WHERE ( onlystring='45a6115efb584b73b80d27c8869d00d0' ) LIMIT 1   [ RunTime:0.0000s ]
SQL: SHOW COLUMNS FROM `webrtc_existencevul` [ RunTime:0.0050s ]
SQL: SELECT * FROM `webrtc_existencevul` WHERE ( onlystring='45a6115efb584b73b80d27c8869d00d0' ) LIMIT 1   [ RunTime:0.0010s ]

[ 2016-04-15T21:59:51+08:00 ] 127.0.0.1 /RootApi/findProject/id/52
INFO: [ app_init ] --START--
INFO: Run Behavior\BuildLiteBehavior [ RunTime:0.000000s ]
INFO: [ app_init ] --END-- [ RunTime:0.001001s ]
INFO: [ app_begin ] --START--
INFO: Run Behavior\ReadHtmlCacheBehavior [ RunTime:0.000000s ]
INFO: [ app_begin ] --END-- [ RunTime:0.001000s ]
SQL: SHOW COLUMNS FROM `webrtc_project` [ RunTime:0.0090s ]
SQL: SELECT * FROM `webrtc_project` WHERE ( id="52" ) LIMIT 1   [ RunTime:0.0010s ]
SQL: SHOW COLUMNS FROM `webrtc_survivaliplist` [ RunTime:0.0080s ]
SQL: SELECT * FROM `webrtc_survivaliplist` WHERE ( onlystring='4c61549cbe7edfd84f4edd8be74422da' ) LIMIT 1   [ RunTime:0.0010s ]
SQL: SHOW COLUMNS FROM `webrtc_ipdatalist` [ RunTime:0.0070s ]
SQL: SELECT * FROM `webrtc_ipdatalist` WHERE ( onlystring='4c61549cbe7edfd84f4edd8be74422da' ) LIMIT 1   [ RunTime:0.0000s ]
SQL: SHOW COLUMNS FROM `webrtc_existencecmsip` [ RunTime:0.0070s ]
SQL: SELECT * FROM `webrtc_existencecmsip` WHERE ( onlystring='4c61549cbe7edfd84f4edd8be74422da' ) LIMIT 1   [ RunTime:0.0010s ]
SQL: SHOW COLUMNS FROM `webrtc_existencevul` [ RunTime:0.0080s ]
SQL: SELECT * FROM `webrtc_existencevul` WHERE ( onlystring='4c61549cbe7edfd84f4edd8be74422da' ) LIMIT 1   [ RunTime:0.0000s ]

[ 2016-04-15T22:00:30+08:00 ] 127.0.0.1 /
INFO: [ app_init ] --START--
INFO: Run Behavior\BuildLiteBehavior [ RunTime:0.000000s ]
INFO: [ app_init ] --END-- [ RunTime:0.001000s ]
INFO: [ app_begin ] --START--
INFO: Run Behavior\ReadHtmlCacheBehavior [ RunTime:0.001000s ]
INFO: [ app_begin ] --END-- [ RunTime:0.001000s ]
SQL: SHOW COLUMNS FROM `webrtc_project` [ RunTime:0.0050s ]
SQL: SELECT * FROM `webrtc_project` ORDER BY create_time DESC  [ RunTime:0.0010s ]
INFO: [ view_parse ] --START--
INFO: [ template_filter ] --START--
INFO: Run Behavior\ContentReplaceBehavior [ RunTime:0.000000s ]
INFO: [ template_filter ] --END-- [ RunTime:0.000000s ]
INFO: Run Behavior\ParseTemplateBehavior [ RunTime:0.013001s ]
INFO: [ view_parse ] --END-- [ RunTime:0.013001s ]
INFO: [ view_filter ] --START--
INFO: Run Behavior\WriteHtmlCacheBehavior [ RunTime:0.000000s ]
INFO: [ view_filter ] --END-- [ RunTime:0.000000s ]
INFO: [ app_end ] --START--
INFO: Run Behavior\ShowPageTraceBehavior [ RunTime:0.001000s ]
INFO: [ app_end ] --END-- [ RunTime:0.001000s ]

[ 2016-04-15T22:00:32+08:00 ] 127.0.0.1 /RootApi/findProject/id/56
INFO: [ app_init ] --START--
INFO: Run Behavior\BuildLiteBehavior [ RunTime:0.000000s ]
INFO: [ app_init ] --END-- [ RunTime:0.001000s ]
INFO: [ app_begin ] --START--
INFO: Run Behavior\ReadHtmlCacheBehavior [ RunTime:0.001000s ]
INFO: [ app_begin ] --END-- [ RunTime:0.001000s ]
SQL: SHOW COLUMNS FROM `webrtc_project` [ RunTime:0.0050s ]
SQL: SELECT * FROM `webrtc_project` WHERE ( id="56" ) LIMIT 1   [ RunTime:0.0010s ]
SQL: SHOW COLUMNS FROM `webrtc_survivaliplist` [ RunTime:0.0040s ]
SQL: SELECT * FROM `webrtc_survivaliplist` WHERE ( onlystring='45a6115efb584b73b80d27c8869d00d0' ) LIMIT 1   [ RunTime:0.0000s ]
SQL: SHOW COLUMNS FROM `webrtc_ipdatalist` [ RunTime:0.0050s ]
SQL: SELECT * FROM `webrtc_ipdatalist` WHERE ( onlystring='45a6115efb584b73b80d27c8869d00d0' ) LIMIT 1   [ RunTime:0.0000s ]
SQL: SHOW COLUMNS FROM `webrtc_existencecmsip` [ RunTime:0.0030s ]
SQL: SELECT * FROM `webrtc_existencecmsip` WHERE ( onlystring='45a6115efb584b73b80d27c8869d00d0' ) LIMIT 1   [ RunTime:0.0010s ]
SQL: SHOW COLUMNS FROM `webrtc_existencevul` [ RunTime:0.0030s ]
SQL: SELECT * FROM `webrtc_existencevul` WHERE ( onlystring='45a6115efb584b73b80d27c8869d00d0' ) LIMIT 1   [ RunTime:0.0010s ]

[ 2016-04-15T22:00:37+08:00 ] 127.0.0.1 /
INFO: [ app_init ] --START--
INFO: Run Behavior\BuildLiteBehavior [ RunTime:0.000000s ]
INFO: [ app_init ] --END-- [ RunTime:0.000000s ]
INFO: [ app_begin ] --START--
INFO: Run Behavior\ReadHtmlCacheBehavior [ RunTime:0.001000s ]
INFO: [ app_begin ] --END-- [ RunTime:0.001000s ]
SQL: SHOW COLUMNS FROM `webrtc_project` [ RunTime:0.0050s ]
SQL: SELECT * FROM `webrtc_project` ORDER BY create_time DESC  [ RunTime:0.0000s ]
INFO: [ view_parse ] --START--
INFO: [ template_filter ] --START--
INFO: Run Behavior\ContentReplaceBehavior [ RunTime:0.000000s ]
INFO: [ template_filter ] --END-- [ RunTime:0.000000s ]
INFO: Run Behavior\ParseTemplateBehavior [ RunTime:0.013001s ]
INFO: [ view_parse ] --END-- [ RunTime:0.013001s ]
INFO: [ view_filter ] --START--
INFO: Run Behavior\WriteHtmlCacheBehavior [ RunTime:0.001000s ]
INFO: [ view_filter ] --END-- [ RunTime:0.001000s ]
INFO: [ app_end ] --START--
INFO: Run Behavior\ShowPageTraceBehavior [ RunTime:0.001000s ]
INFO: [ app_end ] --END-- [ RunTime:0.001000s ]

[ 2016-04-15T22:02:13+08:00 ] 127.0.0.1 /
INFO: [ app_init ] --START--
INFO: Run Behavior\BuildLiteBehavior [ RunTime:0.000000s ]
INFO: [ app_init ] --END-- [ RunTime:0.001000s ]
INFO: [ app_begin ] --START--
INFO: Run Behavior\ReadHtmlCacheBehavior [ RunTime:0.001000s ]
INFO: [ app_begin ] --END-- [ RunTime:0.002000s ]
SQL: SHOW COLUMNS FROM `webrtc_project` [ RunTime:0.0040s ]
SQL: SELECT * FROM `webrtc_project` ORDER BY create_time DESC  [ RunTime:0.0000s ]
INFO: [ view_parse ] --START--
INFO: [ template_filter ] --START--
INFO: Run Behavior\ContentReplaceBehavior [ RunTime:0.000000s ]
INFO: [ template_filter ] --END-- [ RunTime:0.000000s ]
INFO: Run Behavior\ParseTemplateBehavior [ RunTime:0.012000s ]
INFO: [ view_parse ] --END-- [ RunTime:0.012000s ]
INFO: [ view_filter ] --START--
INFO: Run Behavior\WriteHtmlCacheBehavior [ RunTime:0.001000s ]
INFO: [ view_filter ] --END-- [ RunTime:0.001000s ]
INFO: [ app_end ] --START--
INFO: Run Behavior\ShowPageTraceBehavior [ RunTime:0.001000s ]
INFO: [ app_end ] --END-- [ RunTime:0.001000s ]

[ 2016-04-15T22:02:16+08:00 ] 127.0.0.1 /RootApi/findProject/id/56
INFO: [ app_init ] --START--
INFO: Run Behavior\BuildLiteBehavior [ RunTime:0.000000s ]
INFO: [ app_init ] --END-- [ RunTime:0.000000s ]
INFO: [ app_begin ] --START--
INFO: Run Behavior\ReadHtmlCacheBehavior [ RunTime:0.001000s ]
INFO: [ app_begin ] --END-- [ RunTime:0.001000s ]
SQL: SHOW COLUMNS FROM `webrtc_project` [ RunTime:0.0090s ]
SQL: SELECT * FROM `webrtc_project` WHERE ( id="56" ) LIMIT 1   [ RunTime:0.0010s ]
SQL: SHOW COLUMNS FROM `webrtc_survivaliplist` [ RunTime:0.0080s ]
SQL: SELECT * FROM `webrtc_survivaliplist` WHERE ( onlystring='45a6115efb584b73b80d27c8869d00d0' ) LIMIT 1   [ RunTime:0.0000s ]
SQL: SHOW COLUMNS FROM `webrtc_ipdatalist` [ RunTime:0.0040s ]
SQL: SELECT * FROM `webrtc_ipdatalist` WHERE ( onlystring='45a6115efb584b73b80d27c8869d00d0' ) LIMIT 1   [ RunTime:0.0010s ]
SQL: SHOW COLUMNS FROM `webrtc_existencecmsip` [ RunTime:0.0040s ]
SQL: SELECT * FROM `webrtc_existencecmsip` WHERE ( onlystring='45a6115efb584b73b80d27c8869d00d0' ) LIMIT 1   [ RunTime:0.0000s ]
SQL: SHOW COLUMNS FROM `webrtc_existencevul` [ RunTime:0.0050s ]
SQL: SELECT * FROM `webrtc_existencevul` WHERE ( onlystring='45a6115efb584b73b80d27c8869d00d0' ) LIMIT 1   [ RunTime:0.0010s ]

[ 2016-04-15T22:03:22+08:00 ] 127.0.0.1 /
INFO: [ app_init ] --START--
INFO: Run Behavior\BuildLiteBehavior [ RunTime:0.000000s ]
INFO: [ app_init ] --END-- [ RunTime:0.001000s ]
INFO: [ app_begin ] --START--
INFO: Run Behavior\ReadHtmlCacheBehavior [ RunTime:0.001000s ]
INFO: [ app_begin ] --END-- [ RunTime:0.001000s ]
SQL: SHOW COLUMNS FROM `webrtc_project` [ RunTime:0.0060s ]
SQL: SELECT * FROM `webrtc_project` ORDER BY create_time DESC  [ RunTime:0.0010s ]
INFO: [ view_parse ] --START--
INFO: [ template_filter ] --START--
INFO: Run Behavior\ContentReplaceBehavior [ RunTime:0.000000s ]
INFO: [ template_filter ] --END-- [ RunTime:0.000000s ]
INFO: Run Behavior\ParseTemplateBehavior [ RunTime:0.012001s ]
INFO: [ view_parse ] --END-- [ RunTime:0.012001s ]
INFO: [ view_filter ] --START--
INFO: Run Behavior\WriteHtmlCacheBehavior [ RunTime:0.001000s ]
INFO: [ view_filter ] --END-- [ RunTime:0.001000s ]
INFO: [ app_end ] --START--
INFO: Run Behavior\ShowPageTraceBehavior [ RunTime:0.000000s ]
INFO: [ app_end ] --END-- [ RunTime:0.001000s ]

[ 2016-04-15T22:03:23+08:00 ] 127.0.0.1 /RootApi/findProject/id/56
INFO: [ app_init ] --START--
INFO: Run Behavior\BuildLiteBehavior [ RunTime:0.000000s ]
INFO: [ app_init ] --END-- [ RunTime:0.000000s ]
INFO: [ app_begin ] --START--
INFO: Run Behavior\ReadHtmlCacheBehavior [ RunTime:0.001000s ]
INFO: [ app_begin ] --END-- [ RunTime:0.001000s ]

[ 2016-04-15T22:03:39+08:00 ] 127.0.0.1 /
INFO: [ app_init ] --START--
INFO: Run Behavior\BuildLiteBehavior [ RunTime:0.000000s ]
INFO: [ app_init ] --END-- [ RunTime:0.000000s ]
INFO: [ app_begin ] --START--
INFO: Run Behavior\ReadHtmlCacheBehavior [ RunTime:0.001000s ]
INFO: [ app_begin ] --END-- [ RunTime:0.001000s ]
SQL: SHOW COLUMNS FROM `webrtc_project` [ RunTime:0.0100s ]
SQL: SELECT * FROM `webrtc_project` ORDER BY create_time DESC  [ RunTime:0.0010s ]
INFO: [ view_parse ] --START--
INFO: [ template_filter ] --START--
INFO: Run Behavior\ContentReplaceBehavior [ RunTime:0.000000s ]
INFO: [ template_filter ] --END-- [ RunTime:0.000000s ]
INFO: Run Behavior\ParseTemplateBehavior [ RunTime:0.020001s ]
INFO: [ view_parse ] --END-- [ RunTime:0.020001s ]
INFO: [ view_filter ] --START--
INFO: Run Behavior\WriteHtmlCacheBehavior [ RunTime:0.000000s ]
INFO: [ view_filter ] --END-- [ RunTime:0.000000s ]
INFO: [ app_end ] --START--
INFO: Run Behavior\ShowPageTraceBehavior [ RunTime:0.001000s ]
INFO: [ app_end ] --END-- [ RunTime:0.001000s ]

[ 2016-04-15T22:03:41+08:00 ] 127.0.0.1 /RootApi/findProject/id/56
INFO: [ app_init ] --START--
INFO: Run Behavior\BuildLiteBehavior [ RunTime:0.000000s ]
INFO: [ app_init ] --END-- [ RunTime:0.001000s ]
INFO: [ app_begin ] --START--
INFO: Run Behavior\ReadHtmlCacheBehavior [ RunTime:0.001000s ]
INFO: [ app_begin ] --END-- [ RunTime:0.001000s ]
SQL: SHOW COLUMNS FROM `webrtc_project` [ RunTime:0.0100s ]
SQL: SELECT * FROM `webrtc_project` WHERE ( id="56" ) LIMIT 1   [ RunTime:0.0010s ]

[ 2016-04-15T22:13:25+08:00 ] 127.0.0.1 /RootApi/findProject/id/56
INFO: [ app_init ] --START--
INFO: Run Behavior\BuildLiteBehavior [ RunTime:0.000000s ]
INFO: [ app_init ] --END-- [ RunTime:0.000000s ]
INFO: [ app_begin ] --START--
INFO: Run Behavior\ReadHtmlCacheBehavior [ RunTime:0.000000s ]
INFO: [ app_begin ] --END-- [ RunTime:0.001001s ]
SQL: SHOW COLUMNS FROM `webrtc_project` [ RunTime:0.0050s ]
SQL: SELECT * FROM `webrtc_project` WHERE ( id="56" ) LIMIT 1   [ RunTime:0.0010s ]

[ 2016-04-15T22:18:06+08:00 ] 127.0.0.1 /
INFO: [ app_init ] --START--
INFO: Run Behavior\BuildLiteBehavior [ RunTime:0.000000s ]
INFO: [ app_init ] --END-- [ RunTime:0.001000s ]
INFO: [ app_begin ] --START--
INFO: Run Behavior\ReadHtmlCacheBehavior [ RunTime:0.001000s ]
INFO: [ app_begin ] --END-- [ RunTime:0.001000s ]
SQL: SHOW COLUMNS FROM `webrtc_project` [ RunTime:0.0040s ]
SQL: SELECT * FROM `webrtc_project` ORDER BY create_time DESC  [ RunTime:0.0010s ]
INFO: [ view_parse ] --START--
INFO: [ template_filter ] --START--
INFO: Run Behavior\ContentReplaceBehavior [ RunTime:0.001000s ]
INFO: [ template_filter ] --END-- [ RunTime:0.001000s ]
INFO: Run Behavior\ParseTemplateBehavior [ RunTime:0.014001s ]
INFO: [ view_parse ] --END-- [ RunTime:0.014001s ]
INFO: [ view_filter ] --START--
INFO: Run Behavior\WriteHtmlCacheBehavior [ RunTime:0.001000s ]
INFO: [ view_filter ] --END-- [ RunTime:0.001000s ]
INFO: [ app_end ] --START--
INFO: Run Behavior\ShowPageTraceBehavior [ RunTime:0.001000s ]
INFO: [ app_end ] --END-- [ RunTime:0.001000s ]

[ 2016-04-15T22:18:09+08:00 ] 127.0.0.1 /RootApi/findProject/id/56
INFO: [ app_init ] --START--
INFO: Run Behavior\BuildLiteBehavior [ RunTime:0.000000s ]
INFO: [ app_init ] --END-- [ RunTime:0.001000s ]
INFO: [ app_begin ] --START--
INFO: Run Behavior\ReadHtmlCacheBehavior [ RunTime:0.001000s ]
INFO: [ app_begin ] --END-- [ RunTime:0.001000s ]
SQL: SHOW COLUMNS FROM `webrtc_project` [ RunTime:0.0080s ]
SQL: SELECT * FROM `webrtc_project` WHERE ( id="56" ) LIMIT 1   [ RunTime:0.0010s ]

[ 2016-04-15T22:19:34+08:00 ] 127.0.0.1 /
INFO: [ app_init ] --START--
INFO: Run Behavior\BuildLiteBehavior [ RunTime:0.000000s ]
INFO: [ app_init ] --END-- [ RunTime:0.001000s ]
INFO: [ app_begin ] --START--
INFO: Run Behavior\ReadHtmlCacheBehavior [ RunTime:0.000000s ]
INFO: [ app_begin ] --END-- [ RunTime:0.000000s ]
SQL: SHOW COLUMNS FROM `webrtc_project` [ RunTime:0.0050s ]
SQL: SELECT * FROM `webrtc_project` ORDER BY create_time DESC  [ RunTime:0.0010s ]
INFO: [ view_parse ] --START--
INFO: [ template_filter ] --START--
INFO: Run Behavior\ContentReplaceBehavior [ RunTime:0.001000s ]
INFO: [ template_filter ] --END-- [ RunTime:0.001000s ]
INFO: Run Behavior\ParseTemplateBehavior [ RunTime:0.013001s ]
INFO: [ view_parse ] --END-- [ RunTime:0.013001s ]
INFO: [ view_filter ] --START--
INFO: Run Behavior\WriteHtmlCacheBehavior [ RunTime:0.001000s ]
INFO: [ view_filter ] --END-- [ RunTime:0.001000s ]
INFO: [ app_end ] --START--
INFO: Run Behavior\ShowPageTraceBehavior [ RunTime:0.000000s ]
INFO: [ app_end ] --END-- [ RunTime:0.000000s ]

[ 2016-04-15T22:19:37+08:00 ] 127.0.0.1 /RootApi/findProject/id/56
INFO: [ app_init ] --START--
INFO: Run Behavior\BuildLiteBehavior [ RunTime:0.000000s ]
INFO: [ app_init ] --END-- [ RunTime:0.000000s ]
INFO: [ app_begin ] --START--
INFO: Run Behavior\ReadHtmlCacheBehavior [ RunTime:0.001000s ]
INFO: [ app_begin ] --END-- [ RunTime:0.001000s ]
SQL: SHOW COLUMNS FROM `webrtc_project` [ RunTime:0.0030s ]
SQL: SELECT * FROM `webrtc_project` WHERE ( id="56" ) LIMIT 1   [ RunTime:0.0000s ]

[ 2016-04-15T22:20:21+08:00 ] 127.0.0.1 /
INFO: [ app_init ] --START--
INFO: Run Behavior\BuildLiteBehavior [ RunTime:0.000000s ]
INFO: [ app_init ] --END-- [ RunTime:0.001000s ]
INFO: [ app_begin ] --START--
INFO: Run Behavior\ReadHtmlCacheBehavior [ RunTime:0.001000s ]
INFO: [ app_begin ] --END-- [ RunTime:0.001000s ]
SQL: SHOW COLUMNS FROM `webrtc_project` [ RunTime:0.0040s ]
SQL: SELECT * FROM `webrtc_project` ORDER BY create_time DESC  [ RunTime:0.0000s ]
INFO: [ view_parse ] --START--
INFO: [ template_filter ] --START--
INFO: Run Behavior\ContentReplaceBehavior [ RunTime:0.000000s ]
INFO: [ template_filter ] --END-- [ RunTime:0.000000s ]
INFO: Run Behavior\ParseTemplateBehavior [ RunTime:0.013001s ]
INFO: [ view_parse ] --END-- [ RunTime:0.013001s ]
INFO: [ view_filter ] --START--
INFO: Run Behavior\WriteHtmlCacheBehavior [ RunTime:0.000000s ]
INFO: [ view_filter ] --END-- [ RunTime:0.000000s ]
INFO: [ app_end ] --START--
INFO: Run Behavior\ShowPageTraceBehavior [ RunTime:0.001000s ]
INFO: [ app_end ] --END-- [ RunTime:0.001000s ]

[ 2016-04-15T22:20:33+08:00 ] 127.0.0.1 /RootApi/findProject/id/56
INFO: [ app_init ] --START--
INFO: Run Behavior\BuildLiteBehavior [ RunTime:0.000000s ]
INFO: [ app_init ] --END-- [ RunTime:0.001000s ]
INFO: [ app_begin ] --START--
INFO: Run Behavior\ReadHtmlCacheBehavior [ RunTime:0.001000s ]
INFO: [ app_begin ] --END-- [ RunTime:0.001000s ]
SQL: SHOW COLUMNS FROM `webrtc_project` [ RunTime:0.0100s ]
SQL: SELECT * FROM `webrtc_project` WHERE ( id="56" ) LIMIT 1   [ RunTime:0.0010s ]

[ 2016-04-15T22:21:29+08:00 ] 127.0.0.1 /
INFO: [ app_init ] --START--
INFO: Run Behavior\BuildLiteBehavior [ RunTime:0.000000s ]
INFO: [ app_init ] --END-- [ RunTime:0.001000s ]
INFO: [ app_begin ] --START--
INFO: Run Behavior\ReadHtmlCacheBehavior [ RunTime:0.000000s ]
INFO: [ app_begin ] --END-- [ RunTime:0.000000s ]
SQL: SHOW COLUMNS FROM `webrtc_project` [ RunTime:0.0060s ]
SQL: SELECT * FROM `webrtc_project` ORDER BY create_time DESC  [ RunTime:0.0010s ]
INFO: [ view_parse ] --START--
INFO: [ template_filter ] --START--
INFO: Run Behavior\ContentReplaceBehavior [ RunTime:0.000000s ]
INFO: [ template_filter ] --END-- [ RunTime:0.000000s ]
INFO: Run Behavior\ParseTemplateBehavior [ RunTime:0.011001s ]
INFO: [ view_parse ] --END-- [ RunTime:0.011001s ]
INFO: [ view_filter ] --START--
INFO: Run Behavior\WriteHtmlCacheBehavior [ RunTime:0.001000s ]
INFO: [ view_filter ] --END-- [ RunTime:0.001000s ]
INFO: [ app_end ] --START--
INFO: Run Behavior\ShowPageTraceBehavior [ RunTime:0.000000s ]
INFO: [ app_end ] --END-- [ RunTime:0.000000s ]

[ 2016-04-15T22:21:32+08:00 ] 127.0.0.1 /RootApi/findProject/id/56
INFO: [ app_init ] --START--
INFO: Run Behavior\BuildLiteBehavior [ RunTime:0.000000s ]
INFO: [ app_init ] --END-- [ RunTime:0.001000s ]
INFO: [ app_begin ] --START--
INFO: Run Behavior\ReadHtmlCacheBehavior [ RunTime:0.001000s ]
INFO: [ app_begin ] --END-- [ RunTime:0.001000s ]
SQL: SHOW COLUMNS FROM `webrtc_project` [ RunTime:0.0030s ]
SQL: SELECT * FROM `webrtc_project` WHERE ( id="56" ) LIMIT 1   [ RunTime:0.0000s ]

[ 2016-04-15T22:25:57+08:00 ] 127.0.0.1 /
INFO: [ app_init ] --START--
INFO: Run Behavior\BuildLiteBehavior [ RunTime:0.000000s ]
INFO: [ app_init ] --END-- [ RunTime:0.001000s ]
INFO: [ app_begin ] --START--
INFO: Run Behavior\ReadHtmlCacheBehavior [ RunTime:0.001000s ]
INFO: [ app_begin ] --END-- [ RunTime:0.001000s ]
SQL: SHOW COLUMNS FROM `webrtc_project` [ RunTime:0.0050s ]
SQL: SELECT * FROM `webrtc_project` ORDER BY create_time DESC  [ RunTime:0.0000s ]
INFO: [ view_parse ] --START--
INFO: [ template_filter ] --START--
INFO: Run Behavior\ContentReplaceBehavior [ RunTime:0.000000s ]
INFO: [ template_filter ] --END-- [ RunTime:0.000000s ]
INFO: Run Behavior\ParseTemplateBehavior [ RunTime:0.015001s ]
INFO: [ view_parse ] --END-- [ RunTime:0.015001s ]
INFO: [ view_filter ] --START--
INFO: Run Behavior\WriteHtmlCacheBehavior [ RunTime:0.000000s ]
INFO: [ view_filter ] --END-- [ RunTime:0.001000s ]
INFO: [ app_end ] --START--
INFO: Run Behavior\ShowPageTraceBehavior [ RunTime:0.001000s ]
INFO: [ app_end ] --END-- [ RunTime:0.001000s ]

[ 2016-04-15T22:26:01+08:00 ] 127.0.0.1 /RootApi/findProject/id/56
INFO: [ app_init ] --START--
INFO: Run Behavior\BuildLiteBehavior [ RunTime:0.000000s ]
INFO: [ app_init ] --END-- [ RunTime:0.001000s ]
INFO: [ app_begin ] --START--
INFO: Run Behavior\ReadHtmlCacheBehavior [ RunTime:0.000000s ]
INFO: [ app_begin ] --END-- [ RunTime:0.001000s ]
SQL: SHOW COLUMNS FROM `webrtc_project` [ RunTime:0.0050s ]
SQL: SELECT * FROM `webrtc_project` WHERE ( id="56" ) LIMIT 1   [ RunTime:0.0010s ]

[ 2016-04-15T22:26:54+08:00 ] 127.0.0.1 /
INFO: [ app_init ] --START--
INFO: Run Behavior\BuildLiteBehavior [ RunTime:0.000000s ]
INFO: [ app_init ] --END-- [ RunTime:0.001000s ]
INFO: [ app_begin ] --START--
INFO: Run Behavior\ReadHtmlCacheBehavior [ RunTime:0.001000s ]
INFO: [ app_begin ] --END-- [ RunTime:0.001000s ]
SQL: SHOW COLUMNS FROM `webrtc_project` [ RunTime:0.0050s ]
SQL: SELECT * FROM `webrtc_project` ORDER BY create_time DESC  [ RunTime:0.0010s ]
INFO: [ view_parse ] --START--
INFO: [ template_filter ] --START--
INFO: Run Behavior\ContentReplaceBehavior [ RunTime:0.000000s ]
INFO: [ template_filter ] --END-- [ RunTime:0.000000s ]
INFO: Run Behavior\ParseTemplateBehavior [ RunTime:0.013001s ]
INFO: [ view_parse ] --END-- [ RunTime:0.013001s ]
INFO: [ view_filter ] --START--
INFO: Run Behavior\WriteHtmlCacheBehavior [ RunTime:0.000000s ]
INFO: [ view_filter ] --END-- [ RunTime:0.000000s ]
INFO: [ app_end ] --START--
INFO: Run Behavior\ShowPageTraceBehavior [ RunTime:0.001000s ]
INFO: [ app_end ] --END-- [ RunTime:0.001000s ]

[ 2016-04-15T22:27:01+08:00 ] 127.0.0.1 /RootApi/findProject/id/56
INFO: [ app_init ] --START--
INFO: Run Behavior\BuildLiteBehavior [ RunTime:0.000000s ]
INFO: [ app_init ] --END-- [ RunTime:0.001000s ]
INFO: [ app_begin ] --START--
INFO: Run Behavior\ReadHtmlCacheBehavior [ RunTime:0.001001s ]
INFO: [ app_begin ] --END-- [ RunTime:0.001001s ]
SQL: SHOW COLUMNS FROM `webrtc_project` [ RunTime:0.0060s ]
SQL: SELECT * FROM `webrtc_project` WHERE ( id="56" ) LIMIT 1   [ RunTime:0.0000s ]

[ 2016-04-15T22:30:50+08:00 ] 127.0.0.1 /
INFO: [ app_init ] --START--
INFO: Run Behavior\BuildLiteBehavior [ RunTime:0.000000s ]
INFO: [ app_init ] --END-- [ RunTime:0.001000s ]
INFO: [ app_begin ] --START--
INFO: Run Behavior\ReadHtmlCacheBehavior [ RunTime:0.001000s ]
INFO: [ app_begin ] --END-- [ RunTime:0.001000s ]
SQL: SHOW COLUMNS FROM `webrtc_project` [ RunTime:0.0060s ]
SQL: SELECT * FROM `webrtc_project` ORDER BY create_time DESC  [ RunTime:0.0000s ]
INFO: [ view_parse ] --START--
INFO: [ template_filter ] --START--
INFO: Run Behavior\ContentReplaceBehavior [ RunTime:0.000000s ]
INFO: [ template_filter ] --END-- [ RunTime:0.000000s ]
INFO: Run Behavior\ParseTemplateBehavior [ RunTime:0.012001s ]
INFO: [ view_parse ] --END-- [ RunTime:0.012001s ]
INFO: [ view_filter ] --START--
INFO: Run Behavior\WriteHtmlCacheBehavior [ RunTime:0.000000s ]
INFO: [ view_filter ] --END-- [ RunTime:0.000000s ]
INFO: [ app_end ] --START--
INFO: Run Behavior\ShowPageTraceBehavior [ RunTime:0.001000s ]
INFO: [ app_end ] --END-- [ RunTime:0.004000s ]

[ 2016-04-15T22:30:53+08:00 ] 127.0.0.1 /RootApi/findProject/id/56
INFO: [ app_init ] --START--
INFO: Run Behavior\BuildLiteBehavior [ RunTime:0.000000s ]
INFO: [ app_init ] --END-- [ RunTime:0.000000s ]
INFO: [ app_begin ] --START--
INFO: Run Behavior\ReadHtmlCacheBehavior [ RunTime:0.001000s ]
INFO: [ app_begin ] --END-- [ RunTime:0.001000s ]
SQL: SHOW COLUMNS FROM `webrtc_project` [ RunTime:0.0040s ]
SQL: SELECT * FROM `webrtc_project` WHERE ( id="56" ) LIMIT 1   [ RunTime:0.0010s ]
SQL: SHOW COLUMNS FROM `webrtc_survivaliplist` [ RunTime:0.0070s ]
SQL: SELECT * FROM `webrtc_survivaliplist` WHERE ( onlystring='45a6115efb584b73b80d27c8869d00d0' ) LIMIT 1   [ RunTime:0.0000s ]
SQL: SHOW COLUMNS FROM `webrtc_ipdatalist` [ RunTime:0.0050s ]
SQL: SELECT * FROM `webrtc_ipdatalist` WHERE ( onlystring='45a6115efb584b73b80d27c8869d00d0' ) LIMIT 1   [ RunTime:0.0010s ]
SQL: SHOW COLUMNS FROM `webrtc_existencecmsip` [ RunTime:0.0070s ]
SQL: SELECT * FROM `webrtc_existencecmsip` WHERE ( onlystring='45a6115efb584b73b80d27c8869d00d0' ) LIMIT 1   [ RunTime:0.0010s ]
SQL: SHOW COLUMNS FROM `webrtc_existencevul` [ RunTime:0.0050s ]
SQL: SELECT * FROM `webrtc_existencevul` WHERE ( onlystring='45a6115efb584b73b80d27c8869d00d0' ) LIMIT 1   [ RunTime:0.0010s ]

[ 2016-04-15T22:47:09+08:00 ] 127.0.0.1 /
INFO: [ app_init ] --START--
INFO: Run Behavior\BuildLiteBehavior [ RunTime:0.000000s ]
INFO: [ app_init ] --END-- [ RunTime:0.001001s ]
INFO: [ app_begin ] --START--
INFO: Run Behavior\ReadHtmlCacheBehavior [ RunTime:0.001000s ]
INFO: [ app_begin ] --END-- [ RunTime:0.001000s ]
SQL: SHOW COLUMNS FROM `webrtc_project` [ RunTime:0.0110s ]
SQL: SELECT * FROM `webrtc_project` ORDER BY create_time DESC  [ RunTime:0.0010s ]
INFO: [ view_parse ] --START--
INFO: [ template_filter ] --START--
INFO: Run Behavior\ContentReplaceBehavior [ RunTime:0.000000s ]
INFO: [ template_filter ] --END-- [ RunTime:0.000000s ]
INFO: Run Behavior\ParseTemplateBehavior [ RunTime:0.018001s ]
INFO: [ view_parse ] --END-- [ RunTime:0.018001s ]
INFO: [ view_filter ] --START--
INFO: Run Behavior\WriteHtmlCacheBehavior [ RunTime:0.000000s ]
INFO: [ view_filter ] --END-- [ RunTime:0.000000s ]
INFO: [ app_end ] --START--
INFO: Run Behavior\ShowPageTraceBehavior [ RunTime:0.001000s ]
INFO: [ app_end ] --END-- [ RunTime:0.001000s ]

[ 2016-04-15T22:48:36+08:00 ] 127.0.0.1 /
INFO: [ app_init ] --START--
INFO: Run Behavior\BuildLiteBehavior [ RunTime:0.000000s ]
INFO: [ app_init ] --END-- [ RunTime:0.000000s ]
INFO: [ app_begin ] --START--
INFO: Run Behavior\ReadHtmlCacheBehavior [ RunTime:0.001000s ]
INFO: [ app_begin ] --END-- [ RunTime:0.001000s ]
SQL: SHOW COLUMNS FROM `webrtc_project` [ RunTime:0.0070s ]
SQL: SELECT * FROM `webrtc_project` ORDER BY create_time DESC  [ RunTime:0.0000s ]
INFO: [ view_parse ] --START--
INFO: [ template_filter ] --START--
INFO: Run Behavior\ContentReplaceBehavior [ RunTime:0.000000s ]
INFO: [ template_filter ] --END-- [ RunTime:0.001000s ]
INFO: Run Behavior\ParseTemplateBehavior [ RunTime:0.010001s ]
INFO: [ view_parse ] --END-- [ RunTime:0.010001s ]
INFO: [ view_filter ] --START--
INFO: Run Behavior\WriteHtmlCacheBehavior [ RunTime:0.001000s ]
INFO: [ view_filter ] --END-- [ RunTime:0.001000s ]
INFO: [ app_end ] --START--
INFO: Run Behavior\ShowPageTraceBehavior [ RunTime:0.000000s ]
INFO: [ app_end ] --END-- [ RunTime:0.000000s ]

[ 2016-04-15T22:48:39+08:00 ] 127.0.0.1 /RootApi/findProject/id/56
INFO: [ app_init ] --START--
INFO: Run Behavior\BuildLiteBehavior [ RunTime:0.000000s ]
INFO: [ app_init ] --END-- [ RunTime:0.001000s ]
INFO: [ app_begin ] --START--
INFO: Run Behavior\ReadHtmlCacheBehavior [ RunTime:0.001000s ]
INFO: [ app_begin ] --END-- [ RunTime:0.001000s ]
SQL: SHOW COLUMNS FROM `webrtc_project` [ RunTime:0.0060s ]
SQL: SELECT * FROM `webrtc_project` WHERE ( id="56" ) LIMIT 1   [ RunTime:0.0000s ]
SQL: SHOW COLUMNS FROM `webrtc_survivaliplist` [ RunTime:0.0070s ]
SQL: SELECT * FROM `webrtc_survivaliplist` WHERE ( onlystring='45a6115efb584b73b80d27c8869d00d0' ) LIMIT 1   [ RunTime:0.0010s ]
SQL: SHOW COLUMNS FROM `webrtc_ipdatalist` [ RunTime:0.0070s ]
SQL: SELECT * FROM `webrtc_ipdatalist` WHERE ( onlystring='45a6115efb584b73b80d27c8869d00d0' ) LIMIT 1   [ RunTime:0.0000s ]
SQL: SHOW COLUMNS FROM `webrtc_existencecmsip` [ RunTime:0.0070s ]
SQL: SELECT * FROM `webrtc_existencecmsip` WHERE ( onlystring='45a6115efb584b73b80d27c8869d00d0' ) LIMIT 1   [ RunTime:0.0010s ]
SQL: SHOW COLUMNS FROM `webrtc_existencevul` [ RunTime:0.0070s ]
SQL: SELECT * FROM `webrtc_existencevul` WHERE ( onlystring='45a6115efb584b73b80d27c8869d00d0' ) LIMIT 1   [ RunTime:0.0010s ]

[ 2016-04-15T22:49:42+08:00 ] 127.0.0.1 /RootApi/findProject/id/56
INFO: [ app_init ] --START--
INFO: Run Behavior\BuildLiteBehavior [ RunTime:0.000000s ]
INFO: [ app_init ] --END-- [ RunTime:0.000000s ]
INFO: [ app_begin ] --START--
INFO: Run Behavior\ReadHtmlCacheBehavior [ RunTime:0.001000s ]
INFO: [ app_begin ] --END-- [ RunTime:0.001000s ]
SQL: SHOW COLUMNS FROM `webrtc_project` [ RunTime:0.0050s ]
SQL: SELECT * FROM `webrtc_project` WHERE ( id="56" ) LIMIT 1   [ RunTime:0.0000s ]
SQL: SHOW COLUMNS FROM `webrtc_survivaliplist` [ RunTime:0.0060s ]
SQL: SELECT * FROM `webrtc_survivaliplist` WHERE ( onlystring='45a6115efb584b73b80d27c8869d00d0' ) LIMIT 1   [ RunTime:0.0010s ]
SQL: SHOW COLUMNS FROM `webrtc_ipdatalist` [ RunTime:0.0050s ]
SQL: SELECT * FROM `webrtc_ipdatalist` WHERE ( onlystring='45a6115efb584b73b80d27c8869d00d0' ) LIMIT 1   [ RunTime:0.0010s ]
SQL: SHOW COLUMNS FROM `webrtc_existencecmsip` [ RunTime:0.0070s ]
SQL: SELECT * FROM `webrtc_existencecmsip` WHERE ( onlystring='45a6115efb584b73b80d27c8869d00d0' ) LIMIT 1   [ RunTime:0.0010s ]
SQL: SHOW COLUMNS FROM `webrtc_existencevul` [ RunTime:0.0050s ]
SQL: SELECT * FROM `webrtc_existencevul` WHERE ( onlystring='45a6115efb584b73b80d27c8869d00d0' ) LIMIT 1   [ RunTime:0.0010s ]

