[ 2016-04-05T19:17:31+08:00 ] 127.0.0.1 /
INFO: [ app_init ] --START--
INFO: Run Behavior\BuildLiteBehavior [ RunTime:0.000000s ]
INFO: [ app_init ] --END-- [ RunTime:0.048002s ]
INFO: [ app_begin ] --START--
INFO: Run Behavior\ReadHtmlCacheBehavior [ RunTime:0.029002s ]
INFO: [ app_begin ] --END-- [ RunTime:0.029002s ]
INFO: [ view_parse ] --START--
INFO: [ template_filter ] --START--
INFO: Run Behavior\ContentReplaceBehavior [ RunTime:0.059003s ]
INFO: [ template_filter ] --END-- [ RunTime:0.059003s ]
INFO: Run Behavior\ParseTemplateBehavior [ RunTime:0.306017s ]
INFO: [ view_parse ] --END-- [ RunTime:0.306017s ]
INFO: [ view_filter ] --START--
INFO: Run Behavior\WriteHtmlCacheBehavior [ RunTime:0.031002s ]
INFO: [ view_filter ] --END-- [ RunTime:0.032002s ]
INFO: [ app_end ] --START--
INFO: Run Behavior\ShowPageTraceBehavior [ RunTime:0.076004s ]
INFO: [ app_end ] --END-- [ RunTime:0.076004s ]

[ 2016-04-05T19:18:57+08:00 ] 127.0.0.1 /
INFO: [ app_init ] --START--
INFO: Run Behavior\BuildLiteBehavior [ RunTime:0.000000s ]
INFO: [ app_init ] --END-- [ RunTime:0.001000s ]
INFO: [ app_begin ] --START--
INFO: Run Behavior\ReadHtmlCacheBehavior [ RunTime:0.001000s ]
INFO: [ app_begin ] --END-- [ RunTime:0.001000s ]
INFO: [ view_parse ] --START--
INFO: [ template_filter ] --START--
INFO: Run Behavior\ContentReplaceBehavior [ RunTime:0.000000s ]
INFO: [ template_filter ] --END-- [ RunTime:0.000000s ]
INFO: Run Behavior\ParseTemplateBehavior [ RunTime:0.068004s ]
INFO: [ view_parse ] --END-- [ RunTime:0.068004s ]
INFO: [ view_filter ] --START--
INFO: Run Behavior\WriteHtmlCacheBehavior [ RunTime:0.000000s ]
INFO: [ view_filter ] --END-- [ RunTime:0.000000s ]
INFO: [ app_end ] --START--
INFO: Run Behavior\ShowPageTraceBehavior [ RunTime:0.000000s ]
INFO: [ app_end ] --END-- [ RunTime:0.000000s ]

[ 2016-04-05T19:28:30+08:00 ] 127.0.0.1 /Api/survivalIp
INFO: [ app_init ] --START--
INFO: Run Behavior\BuildLiteBehavior [ RunTime:0.000000s ]
INFO: [ app_init ] --END-- [ RunTime:0.001000s ]
INFO: [ app_begin ] --START--
INFO: Run Behavior\ReadHtmlCacheBehavior [ RunTime:0.001000s ]
INFO: [ app_begin ] --END-- [ RunTime:0.001000s ]

[ 2016-04-05T19:35:31+08:00 ] 127.0.0.1 /
INFO: [ app_init ] --START--
INFO: Run Behavior\BuildLiteBehavior [ RunTime:0.000000s ]
INFO: [ app_init ] --END-- [ RunTime:0.001000s ]
INFO: [ app_begin ] --START--
INFO: Run Behavior\ReadHtmlCacheBehavior [ RunTime:0.000000s ]
INFO: [ app_begin ] --END-- [ RunTime:0.001000s ]
INFO: [ view_parse ] --START--
INFO: [ template_filter ] --START--
INFO: Run Behavior\ContentReplaceBehavior [ RunTime:0.000000s ]
INFO: [ template_filter ] --END-- [ RunTime:0.001001s ]
INFO: Run Behavior\ParseTemplateBehavior [ RunTime:0.009001s ]
INFO: [ view_parse ] --END-- [ RunTime:0.009001s ]
INFO: [ view_filter ] --START--
INFO: Run Behavior\WriteHtmlCacheBehavior [ RunTime:0.001000s ]
INFO: [ view_filter ] --END-- [ RunTime:0.001000s ]
INFO: [ app_end ] --START--
INFO: Run Behavior\ShowPageTraceBehavior [ RunTime:0.001000s ]
INFO: [ app_end ] --END-- [ RunTime:0.001000s ]

[ 2016-04-05T19:44:59+08:00 ] 127.0.0.1 /Api/survivalIp
INFO: [ app_init ] --START--
INFO: Run Behavior\BuildLiteBehavior [ RunTime:0.000000s ]
INFO: [ app_init ] --END-- [ RunTime:0.001000s ]
INFO: [ app_begin ] --START--
INFO: Run Behavior\ReadHtmlCacheBehavior [ RunTime:0.001000s ]
INFO: [ app_begin ] --END-- [ RunTime:0.001000s ]

[ 2016-04-05T19:50:12+08:00 ] 127.0.0.1 /
INFO: [ app_init ] --START--
INFO: Run Behavior\BuildLiteBehavior [ RunTime:0.000000s ]
INFO: [ app_init ] --END-- [ RunTime:0.001000s ]
INFO: [ app_begin ] --START--
INFO: Run Behavior\ReadHtmlCacheBehavior [ RunTime:0.002000s ]
INFO: [ app_begin ] --END-- [ RunTime:0.002000s ]
INFO: [ view_parse ] --START--
INFO: [ template_filter ] --START--
INFO: Run Behavior\ContentReplaceBehavior [ RunTime:0.000000s ]
INFO: [ template_filter ] --END-- [ RunTime:0.000000s ]
INFO: Run Behavior\ParseTemplateBehavior [ RunTime:0.015001s ]
INFO: [ view_parse ] --END-- [ RunTime:0.015001s ]
INFO: [ view_filter ] --START--
INFO: Run Behavior\WriteHtmlCacheBehavior [ RunTime:0.000000s ]
INFO: [ view_filter ] --END-- [ RunTime:0.000000s ]
INFO: [ app_end ] --START--
INFO: Run Behavior\ShowPageTraceBehavior [ RunTime:0.002000s ]
INFO: [ app_end ] --END-- [ RunTime:0.002000s ]

[ 2016-04-05T19:52:59+08:00 ] 127.0.0.1 /
INFO: [ app_init ] --START--
INFO: Run Behavior\BuildLiteBehavior [ RunTime:0.000000s ]
INFO: [ app_init ] --END-- [ RunTime:0.001000s ]
INFO: [ app_begin ] --START--
INFO: Run Behavior\ReadHtmlCacheBehavior [ RunTime:0.003000s ]
INFO: [ app_begin ] --END-- [ RunTime:0.003000s ]
INFO: [ view_parse ] --START--
INFO: [ template_filter ] --START--
INFO: Run Behavior\ContentReplaceBehavior [ RunTime:0.001000s ]
INFO: [ template_filter ] --END-- [ RunTime:0.001000s ]
INFO: Run Behavior\ParseTemplateBehavior [ RunTime:0.009001s ]
INFO: [ view_parse ] --END-- [ RunTime:0.009001s ]
INFO: [ view_filter ] --START--
INFO: Run Behavior\WriteHtmlCacheBehavior [ RunTime:0.001000s ]
INFO: [ view_filter ] --END-- [ RunTime:0.001000s ]
INFO: [ app_end ] --START--
INFO: Run Behavior\ShowPageTraceBehavior [ RunTime:0.001000s ]
INFO: [ app_end ] --END-- [ RunTime:0.002000s ]

[ 2016-04-05T20:02:30+08:00 ] 127.0.0.1 /Api/survivalIp
INFO: [ app_init ] --START--
INFO: Run Behavior\BuildLiteBehavior [ RunTime:0.000000s ]
INFO: [ app_init ] --END-- [ RunTime:0.001000s ]
INFO: [ app_begin ] --START--
INFO: Run Behavior\ReadHtmlCacheBehavior [ RunTime:0.001000s ]
INFO: [ app_begin ] --END-- [ RunTime:0.001000s ]

[ 2016-04-05T22:27:21+08:00 ] 127.0.0.1 /Api/survivalIp
INFO: [ app_init ] --START--
INFO: Run Behavior\BuildLiteBehavior [ RunTime:0.000000s ]
INFO: [ app_init ] --END-- [ RunTime:0.001000s ]
INFO: [ app_begin ] --START--
INFO: Run Behavior\ReadHtmlCacheBehavior [ RunTime:0.001000s ]
INFO: [ app_begin ] --END-- [ RunTime:0.001000s ]
SQL: SHOW COLUMNS FROM `webrtc_cmspath` [ RunTime:0.0810s ]
SQL: SELECT `cms`,`path` FROM `webrtc_cmspath`  [ RunTime:0.0020s ]

[ 2016-04-05T22:27:41+08:00 ] 127.0.0.1 /Api/survivalIp
INFO: [ app_init ] --START--
INFO: Run Behavior\BuildLiteBehavior [ RunTime:0.000000s ]
INFO: [ app_init ] --END-- [ RunTime:0.001001s ]
INFO: [ app_begin ] --START--
INFO: Run Behavior\ReadHtmlCacheBehavior [ RunTime:0.001000s ]
INFO: [ app_begin ] --END-- [ RunTime:0.001000s ]
SQL: SHOW COLUMNS FROM `webrtc_cmspath` [ RunTime:0.0060s ]
SQL: SELECT `cms`,`path` FROM `webrtc_cmspath`  [ RunTime:0.0000s ]

[ 2016-04-05T22:29:32+08:00 ] 127.0.0.1 /Api/survivalIp
INFO: [ app_init ] --START--
INFO: Run Behavior\BuildLiteBehavior [ RunTime:0.000000s ]
INFO: [ app_init ] --END-- [ RunTime:0.001000s ]
INFO: [ app_begin ] --START--
INFO: Run Behavior\ReadHtmlCacheBehavior [ RunTime:0.001000s ]
INFO: [ app_begin ] --END-- [ RunTime:0.001000s ]
SQL: SHOW COLUMNS FROM `webrtc_cmspath` [ RunTime:0.0380s ]
SQL: SELECT `cms`,`path` FROM `webrtc_cmspath`  [ RunTime:0.0030s ]

[ 2016-04-05T22:30:16+08:00 ] 127.0.0.1 /Api/survivalIp
INFO: [ app_init ] --START--
INFO: Run Behavior\BuildLiteBehavior [ RunTime:0.000000s ]
INFO: [ app_init ] --END-- [ RunTime:0.001000s ]
INFO: [ app_begin ] --START--
INFO: Run Behavior\ReadHtmlCacheBehavior [ RunTime:0.001000s ]
INFO: [ app_begin ] --END-- [ RunTime:0.001000s ]
SQL: SHOW COLUMNS FROM `webrtc_cmspath` [ RunTime:0.0270s ]
SQL: SELECT `cms`,`path` FROM `webrtc_cmspath`  [ RunTime:0.0010s ]

[ 2016-04-05T22:31:00+08:00 ] 127.0.0.1 /Api/survivalIp
INFO: [ app_init ] --START--
INFO: Run Behavior\BuildLiteBehavior [ RunTime:0.000000s ]
INFO: [ app_init ] --END-- [ RunTime:0.001000s ]
INFO: [ app_begin ] --START--
INFO: Run Behavior\ReadHtmlCacheBehavior [ RunTime:0.001000s ]
INFO: [ app_begin ] --END-- [ RunTime:0.001000s ]
SQL: SHOW COLUMNS FROM `webrtc_cmspath` [ RunTime:0.0110s ]
SQL: SELECT `cms`,`path` FROM `webrtc_cmspath`  [ RunTime:0.0010s ]

[ 2016-04-05T22:31:07+08:00 ] 127.0.0.1 /Api/survivalIp
INFO: [ app_init ] --START--
INFO: Run Behavior\BuildLiteBehavior [ RunTime:0.000000s ]
INFO: [ app_init ] --END-- [ RunTime:0.001000s ]
INFO: [ app_begin ] --START--
INFO: Run Behavior\ReadHtmlCacheBehavior [ RunTime:0.001000s ]
INFO: [ app_begin ] --END-- [ RunTime:0.001000s ]
SQL: SHOW COLUMNS FROM `webrtc_cmspath` [ RunTime:0.0060s ]
SQL: SELECT `cms`,`path` FROM `webrtc_cmspath`  [ RunTime:0.0000s ]

[ 2016-04-05T22:31:22+08:00 ] 127.0.0.1 /Api/survivalIp
INFO: [ app_init ] --START--
INFO: Run Behavior\BuildLiteBehavior [ RunTime:0.000000s ]
INFO: [ app_init ] --END-- [ RunTime:0.001000s ]
INFO: [ app_begin ] --START--
INFO: Run Behavior\ReadHtmlCacheBehavior [ RunTime:0.000000s ]
INFO: [ app_begin ] --END-- [ RunTime:0.000000s ]
SQL: SHOW COLUMNS FROM `webrtc_cmspath` [ RunTime:0.0060s ]
SQL: SELECT `cms`,`path` FROM `webrtc_cmspath`  [ RunTime:0.0010s ]

[ 2016-04-05T22:38:33+08:00 ] 127.0.0.1 /Api/survivalIp
INFO: [ app_init ] --START--
INFO: Run Behavior\BuildLiteBehavior [ RunTime:0.000000s ]
INFO: [ app_init ] --END-- [ RunTime:0.001000s ]
INFO: [ app_begin ] --START--
INFO: Run Behavior\ReadHtmlCacheBehavior [ RunTime:0.001000s ]
INFO: [ app_begin ] --END-- [ RunTime:0.001000s ]
SQL: SHOW COLUMNS FROM `webrtc_cmspath` [ RunTime:0.0080s ]
SQL: SELECT `cms`,`path` FROM `webrtc_cmspath`  [ RunTime:0.0000s ]

[ 2016-04-05T22:38:52+08:00 ] 127.0.0.1 /Api/survivalIp
INFO: [ app_init ] --START--
INFO: Run Behavior\BuildLiteBehavior [ RunTime:0.000000s ]
INFO: [ app_init ] --END-- [ RunTime:0.000000s ]
INFO: [ app_begin ] --START--
INFO: Run Behavior\ReadHtmlCacheBehavior [ RunTime:0.000000s ]
INFO: [ app_begin ] --END-- [ RunTime:0.000000s ]
SQL: SHOW COLUMNS FROM `webrtc_cmspath` [ RunTime:0.0110s ]
SQL: SELECT `cms`,`path` FROM `webrtc_cmspath`  [ RunTime:0.0000s ]

[ 2016-04-05T22:40:12+08:00 ] 127.0.0.1 /Api/survivalIp
INFO: [ app_init ] --START--
INFO: Run Behavior\BuildLiteBehavior [ RunTime:0.000000s ]
INFO: [ app_init ] --END-- [ RunTime:0.000000s ]
INFO: [ app_begin ] --START--
INFO: Run Behavior\ReadHtmlCacheBehavior [ RunTime:0.001000s ]
INFO: [ app_begin ] --END-- [ RunTime:0.001000s ]
SQL: SHOW COLUMNS FROM `webrtc_cmspath` [ RunTime:0.0060s ]
SQL: SELECT `cms`,`path` FROM `webrtc_cmspath`  [ RunTime:0.0000s ]

[ 2016-04-05T22:43:23+08:00 ] 127.0.0.1 /Api/survivalIp
INFO: [ app_init ] --START--
INFO: Run Behavior\BuildLiteBehavior [ RunTime:0.000000s ]
INFO: [ app_init ] --END-- [ RunTime:0.001000s ]
INFO: [ app_begin ] --START--
INFO: Run Behavior\ReadHtmlCacheBehavior [ RunTime:0.000000s ]
INFO: [ app_begin ] --END-- [ RunTime:0.001000s ]
SQL: SHOW COLUMNS FROM `webrtc_cmspath` [ RunTime:0.0100s ]
SQL: SELECT `cms`,`path` FROM `webrtc_cmspath`  [ RunTime:0.0010s ]

[ 2016-04-05T22:44:09+08:00 ] 127.0.0.1 /Api/survivalIp
INFO: [ app_init ] --START--
INFO: Run Behavior\BuildLiteBehavior [ RunTime:0.000000s ]
INFO: [ app_init ] --END-- [ RunTime:0.001000s ]
INFO: [ app_begin ] --START--
INFO: Run Behavior\ReadHtmlCacheBehavior [ RunTime:0.001000s ]
INFO: [ app_begin ] --END-- [ RunTime:0.001000s ]
SQL: SHOW COLUMNS FROM `webrtc_cmspath` [ RunTime:0.0100s ]
SQL: SELECT `cms`,`path` FROM `webrtc_cmspath`  [ RunTime:0.0010s ]

[ 2016-04-05T22:44:41+08:00 ] 127.0.0.1 /Api/survivalIp
INFO: [ app_init ] --START--
INFO: Run Behavior\BuildLiteBehavior [ RunTime:0.000000s ]
INFO: [ app_init ] --END-- [ RunTime:0.001000s ]
INFO: [ app_begin ] --START--
INFO: Run Behavior\ReadHtmlCacheBehavior [ RunTime:0.001000s ]
INFO: [ app_begin ] --END-- [ RunTime:0.001000s ]
SQL: SHOW COLUMNS FROM `webrtc_cmspath` [ RunTime:0.0090s ]
SQL: SELECT `cms`,`path` FROM `webrtc_cmspath`  [ RunTime:0.0000s ]

[ 2016-04-05T22:45:00+08:00 ] 127.0.0.1 /Api/survivalIp
INFO: [ app_init ] --START--
INFO: Run Behavior\BuildLiteBehavior [ RunTime:0.000000s ]
INFO: [ app_init ] --END-- [ RunTime:0.001000s ]
INFO: [ app_begin ] --START--
INFO: Run Behavior\ReadHtmlCacheBehavior [ RunTime:0.001000s ]
INFO: [ app_begin ] --END-- [ RunTime:0.001000s ]
SQL: SHOW COLUMNS FROM `webrtc_cmspath` [ RunTime:0.0080s ]
SQL: SELECT `cms`,`path` FROM `webrtc_cmspath`  [ RunTime:0.0000s ]

[ 2016-04-05T22:46:49+08:00 ] 127.0.0.1 /Api/survivalIp
INFO: [ app_init ] --START--
INFO: Run Behavior\BuildLiteBehavior [ RunTime:0.000000s ]
INFO: [ app_init ] --END-- [ RunTime:0.000000s ]
INFO: [ app_begin ] --START--
INFO: Run Behavior\ReadHtmlCacheBehavior [ RunTime:0.001000s ]
INFO: [ app_begin ] --END-- [ RunTime:0.001000s ]
SQL: SHOW COLUMNS FROM `webrtc_cmspath` [ RunTime:0.0180s ]
SQL: SELECT `cms`,`path` FROM `webrtc_cmspath`  [ RunTime:0.0010s ]

[ 2016-04-05T22:47:14+08:00 ] 127.0.0.1 /Api/survivalIp
INFO: [ app_init ] --START--
INFO: Run Behavior\BuildLiteBehavior [ RunTime:0.000000s ]
INFO: [ app_init ] --END-- [ RunTime:0.000000s ]
INFO: [ app_begin ] --START--
INFO: Run Behavior\ReadHtmlCacheBehavior [ RunTime:0.001000s ]
INFO: [ app_begin ] --END-- [ RunTime:0.001000s ]
SQL: SHOW COLUMNS FROM `webrtc_cmspath` [ RunTime:0.0160s ]
SQL: SELECT `cms`,`path` FROM `webrtc_cmspath`  [ RunTime:0.0010s ]

[ 2016-04-05T22:49:50+08:00 ] 127.0.0.1 /Api/survivalIp
INFO: [ app_init ] --START--
INFO: Run Behavior\BuildLiteBehavior [ RunTime:0.000000s ]
INFO: [ app_init ] --END-- [ RunTime:0.001000s ]
INFO: [ app_begin ] --START--
INFO: Run Behavior\ReadHtmlCacheBehavior [ RunTime:0.002000s ]
INFO: [ app_begin ] --END-- [ RunTime:0.002000s ]
SQL: SHOW COLUMNS FROM `webrtc_cmspath` [ RunTime:0.0160s ]
SQL: SELECT `cms`,`path` FROM `webrtc_cmspath`  [ RunTime:0.0010s ]

[ 2016-04-05T22:53:45+08:00 ] 127.0.0.1 /
INFO: [ app_init ] --START--
INFO: Run Behavior\BuildLiteBehavior [ RunTime:0.000000s ]
INFO: [ app_init ] --END-- [ RunTime:0.000000s ]
INFO: [ app_begin ] --START--
INFO: Run Behavior\ReadHtmlCacheBehavior [ RunTime:0.001000s ]
INFO: [ app_begin ] --END-- [ RunTime:0.001000s ]
INFO: [ view_parse ] --START--
INFO: [ template_filter ] --START--
INFO: Run Behavior\ContentReplaceBehavior [ RunTime:0.000000s ]
INFO: [ template_filter ] --END-- [ RunTime:0.000000s ]
INFO: Run Behavior\ParseTemplateBehavior [ RunTime:0.008001s ]
INFO: [ view_parse ] --END-- [ RunTime:0.008001s ]
INFO: [ view_filter ] --START--
INFO: Run Behavior\WriteHtmlCacheBehavior [ RunTime:0.001000s ]
INFO: [ view_filter ] --END-- [ RunTime:0.001000s ]
INFO: [ app_end ] --START--
INFO: Run Behavior\ShowPageTraceBehavior [ RunTime:0.001000s ]
INFO: [ app_end ] --END-- [ RunTime:0.001000s ]

[ 2016-04-05T22:53:47+08:00 ] 127.0.0.1 /Api/survivalIp
INFO: [ app_init ] --START--
INFO: Run Behavior\BuildLiteBehavior [ RunTime:0.000000s ]
INFO: [ app_init ] --END-- [ RunTime:0.001000s ]
INFO: [ app_begin ] --START--
INFO: Run Behavior\ReadHtmlCacheBehavior [ RunTime:0.000000s ]
INFO: [ app_begin ] --END-- [ RunTime:0.000000s ]
SQL: SHOW COLUMNS FROM `webrtc_ipdatalist` [ RunTime:0.0230s ]
SQL: INSERT INTO `webrtc_ipdatalist` (`outside_ip`,`survival_ip`,`create_time`) VALUES ('127.0.0.1','1','2016-04-05 22:53:46') [ RunTime:0.2100s ]
SQL: SHOW COLUMNS FROM `webrtc_cmspath` [ RunTime:0.0120s ]
SQL: SELECT `cms`,`path` FROM `webrtc_cmspath`  [ RunTime:0.0010s ]

[ 2016-04-05T22:54:27+08:00 ] 127.0.0.1 /Api/survivalIp
INFO: [ app_init ] --START--
INFO: Run Behavior\BuildLiteBehavior [ RunTime:0.000000s ]
INFO: [ app_init ] --END-- [ RunTime:0.001000s ]
INFO: [ app_begin ] --START--
INFO: Run Behavior\ReadHtmlCacheBehavior [ RunTime:0.001000s ]
INFO: [ app_begin ] --END-- [ RunTime:0.001000s ]
SQL: SHOW COLUMNS FROM `webrtc_ipdatalist` [ RunTime:0.0060s ]
SQL: INSERT INTO `webrtc_ipdatalist` (`outside_ip`,`survival_ip`,`create_time`) VALUES ('127.0.0.1','1','2016-04-05 22:54:27') [ RunTime:0.0000s ]
SQL: SHOW COLUMNS FROM `webrtc_cmspath` [ RunTime:0.0060s ]
SQL: SELECT `cms`,`path` FROM `webrtc_cmspath`  [ RunTime:0.0000s ]

[ 2016-04-05T22:55:01+08:00 ] 127.0.0.1 /Api/survivalIp
INFO: [ app_init ] --START--
INFO: Run Behavior\BuildLiteBehavior [ RunTime:0.001000s ]
INFO: [ app_init ] --END-- [ RunTime:0.001000s ]
INFO: [ app_begin ] --START--
INFO: Run Behavior\ReadHtmlCacheBehavior [ RunTime:0.001000s ]
INFO: [ app_begin ] --END-- [ RunTime:0.001000s ]
SQL: SHOW COLUMNS FROM `webrtc_ipdatalist` [ RunTime:0.0080s ]
SQL: INSERT INTO `webrtc_ipdatalist` (`outside_ip`,`survival_ip`,`create_time`) VALUES ('127.0.0.1','1','2016-04-05 22:55:01') [ RunTime:0.0020s ]
SQL: SHOW COLUMNS FROM `webrtc_cmspath` [ RunTime:0.0080s ]
SQL: SELECT `cms`,`path` FROM `webrtc_cmspath`  [ RunTime:0.0010s ]

[ 2016-04-05T22:59:40+08:00 ] 127.0.0.1 /Api/survivalIp
INFO: [ app_init ] --START--
INFO: Run Behavior\BuildLiteBehavior [ RunTime:0.000000s ]
INFO: [ app_init ] --END-- [ RunTime:0.001000s ]
INFO: [ app_begin ] --START--
INFO: Run Behavior\ReadHtmlCacheBehavior [ RunTime:0.001000s ]
INFO: [ app_begin ] --END-- [ RunTime:0.001000s ]
SQL: SHOW COLUMNS FROM `webrtc_ipdatalist` [ RunTime:0.0090s ]
SQL: INSERT INTO `webrtc_ipdatalist` (`outside_ip`,`survival_ip`,`create_time`) VALUES ('127.0.0.1','1','2016-04-05 22:59:40') [ RunTime:0.0010s ]
SQL: SHOW COLUMNS FROM `webrtc_cmspath` [ RunTime:0.0080s ]
SQL: SELECT `cms`,`path` FROM `webrtc_cmspath`  [ RunTime:0.0000s ]

[ 2016-04-05T23:03:12+08:00 ] 127.0.0.1 /Api/survivalIp
INFO: [ app_init ] --START--
INFO: Run Behavior\BuildLiteBehavior [ RunTime:0.000000s ]
INFO: [ app_init ] --END-- [ RunTime:0.001000s ]
INFO: [ app_begin ] --START--
INFO: Run Behavior\ReadHtmlCacheBehavior [ RunTime:0.001000s ]
INFO: [ app_begin ] --END-- [ RunTime:0.001000s ]

